#
# There is insufficient memory for the Java Runtime Environment to continue.
# Cannot create worker GC thread. Out of system resources.
# Possible reasons:
#   The system is out of physical RAM or swap space
#   The process is running with CompressedOops enabled, and the Java Heap may be blocking the growth of the native heap
# Possible solutions:
#   Reduce memory load on the system
#   Increase physical memory or swap space
#   Check if swap backing store is full
#   Decrease Java heap size (-Xmx/-Xms)
#   Decrease number of Java threads
#   Decrease Java thread stack sizes (-Xss)
#   Set larger code cache with -XX:ReservedCodeCacheSize=
#   JVM is running with Unscaled Compressed Oops mode in which the Java heap is
#     placed in the first 4GB address space. The Java Heap base address is the
#     maximum limit for the native heap growth. Please use -XX:HeapBaseMinAddress
#     to set the Java Heap base and to place the Java Heap above 4GB virtual address.
# This output file may be truncated or incomplete.
#
#  Out of Memory Error (workerManager.hpp:70), pid=1839269, tid=1839278
#
# JRE version:  (11.0.17+8) (build )
# Java VM: OpenJDK 64-Bit Server VM (11.0.17+8-post-Ubuntu-1ubuntu222.04, mixed mode, sharing, tiered, compressed oops, g1 gc, linux-amd64)
# Core dump will be written. Default location: Core dumps may be processed with "/usr/share/apport/apport -p%p -s%s -c%c -d%d -P%P -u%u -g%g -- %E" (or dumping to /home/dam2a/NetBeansProjects/Exercicio3PSP/core.1839269)
#

---------------  S U M M A R Y ------------

Command Line: -Dfile.encoding=UTF-8 --module-path=/home/dam2a/NetBeansProjects/Exercicio3PSP/build/classes exercicio3psp.Exercicio3PSP

Host: Intel(R) Core(TM) i5-7400 CPU @ 3.00GHz, 4 cores, 15G, Ubuntu 22.04.1 LTS
Time: Fri Nov 25 10:33:12 2022 CET elapsed time: 0.040946 seconds (0d 0h 0m 0s)

---------------  T H R E A D  ---------------

Current thread (0x00007fc99c01c000):  JavaThread "Unknown thread" [_thread_in_vm, id=1839278, stack(0x00007fc9a14a5000,0x00007fc9a15a5000)]

Stack: [0x00007fc9a14a5000,0x00007fc9a15a5000],  sp=0x00007fc9a15a3560,  free space=1017k
Native frames: (J=compiled Java code, A=aot compiled Java code, j=interpreted, Vv=VM code, C=native code)
V  [libjvm.so+0xea208a]
V  [libjvm.so+0xea2e31]
V  [libjvm.so+0x67dd9a]
V  [libjvm.so+0xecfe09]
V  [libjvm.so+0x74af65]
V  [libjvm.so+0x73ebee]
V  [libjvm.so+0xe5db56]
V  [libjvm.so+0xe5de1a]
V  [libjvm.so+0x84578c]
V  [libjvm.so+0xe35542]
V  [libjvm.so+0x8ec745]  JNI_CreateJavaVM+0x55
C  [libjli.so+0x4d11]
C  [libjli.so+0x998d]


---------------  P R O C E S S  ---------------

Threads class SMR info:
_java_thread_list=0x000055bc4c818b10, length=0, elements={
}

Java Threads: ( => current thread )

Other Threads:

=>0x00007fc99c01c000 (exited) JavaThread "Unknown thread" [_thread_in_vm, id=1839278, stack(0x00007fc9a14a5000,0x00007fc9a15a5000)]

Threads with active compile tasks:

VM state:not at safepoint (not fully initialized)

VM Mutex/Monitor currently owned by a thread: None


[error occurred during error reporting (printing compressed oops mode), id 0xb, SIGSEGV (0xb) at pc=0x00007fc9a273260f]

GC Heap History (0 events):
No events

Deoptimization events (0 events):
No events

Classes redefined (0 events):
No events

Internal exceptions (0 events):
No events

Events (2 events):
Event: 0.002 Protecting memory [0x00007fc9a14a5000,0x00007fc9a14a9000] with protection modes 0
Event: 0.003 Loaded shared library /usr/lib/jvm/java-11-openjdk-amd64/lib/libzip.so


Dynamic libraries:
55bc4c325000-55bc4c326000 r--p 00000000 08:02 5505253                    /usr/lib/jvm/java-11-openjdk-amd64/bin/java
55bc4c326000-55bc4c327000 r-xp 00001000 08:02 5505253                    /usr/lib/jvm/java-11-openjdk-amd64/bin/java
55bc4c327000-55bc4c328000 r--p 00002000 08:02 5505253                    /usr/lib/jvm/java-11-openjdk-amd64/bin/java
55bc4c328000-55bc4c329000 r--p 00002000 08:02 5505253                    /usr/lib/jvm/java-11-openjdk-amd64/bin/java
55bc4c329000-55bc4c32a000 rw-p 00003000 08:02 5505253                    /usr/lib/jvm/java-11-openjdk-amd64/bin/java
55bc4c800000-55bc4c821000 rw-p 00000000 00:00 0                          [heap]
7fc9847fd000-7fc984a6d000 rwxp 00000000 00:00 0 
7fc984a6d000-7fc984d8d000 ---p 00000000 00:00 0 
7fc984d8d000-7fc984ffd000 rwxp 00000000 00:00 0 
7fc984ffd000-7fc98c2c5000 ---p 00000000 00:00 0 
7fc98c2c5000-7fc98c535000 rwxp 00000000 00:00 0 
7fc98c535000-7fc9937fd000 ---p 00000000 00:00 0 
7fc9937fd000-7fc99c000000 r--s 00000000 08:02 5404149                    /usr/lib/jvm/java-11-openjdk-amd64/lib/modules
7fc99c000000-7fc99c03f000 rw-p 00000000 00:00 0 
7fc99c03f000-7fc9a0000000 ---p 00000000 00:00 0 
7fc9a0f9a000-7fc9a0f9b000 ---p 00000000 00:00 0 
7fc9a0f9b000-7fc9a10a1000 rw-p 00000000 00:00 0 
7fc9a10a1000-7fc9a1187000 ---p 00000000 00:00 0 
7fc9a1187000-7fc9a118c000 rw-p 00000000 00:00 0 
7fc9a118c000-7fc9a1272000 ---p 00000000 00:00 0 
7fc9a1272000-7fc9a1275000 r--p 00000000 08:02 5259696                    /lib/x86_64-linux-gnu/libresolv.so.2
7fc9a1275000-7fc9a127f000 r-xp 00003000 08:02 5259696                    /lib/x86_64-linux-gnu/libresolv.so.2
7fc9a127f000-7fc9a1282000 r--p 0000d000 08:02 5259696                    /lib/x86_64-linux-gnu/libresolv.so.2
7fc9a1282000-7fc9a1283000 r--p 0000f000 08:02 5259696                    /lib/x86_64-linux-gnu/libresolv.so.2
7fc9a1283000-7fc9a1284000 rw-p 00010000 08:02 5259696                    /lib/x86_64-linux-gnu/libresolv.so.2
7fc9a1284000-7fc9a1286000 rw-p 00000000 00:00 0 
7fc9a1286000-7fc9a1288000 r--p 00000000 08:02 5243402                    /lib/x86_64-linux-gnu/libkeyutils.so.1.9
7fc9a1288000-7fc9a128a000 r-xp 00002000 08:02 5243402                    /lib/x86_64-linux-gnu/libkeyutils.so.1.9
7fc9a128a000-7fc9a128b000 r--p 00004000 08:02 5243402                    /lib/x86_64-linux-gnu/libkeyutils.so.1.9
7fc9a128b000-7fc9a128c000 r--p 00004000 08:02 5243402                    /lib/x86_64-linux-gnu/libkeyutils.so.1.9
7fc9a128c000-7fc9a128d000 rw-p 00005000 08:02 5243402                    /lib/x86_64-linux-gnu/libkeyutils.so.1.9
7fc9a128d000-7fc9a1290000 r--p 00000000 08:02 4981906                    /usr/lib/x86_64-linux-gnu/libkrb5support.so.0.1
7fc9a1290000-7fc9a1296000 r-xp 00003000 08:02 4981906                    /usr/lib/x86_64-linux-gnu/libkrb5support.so.0.1
7fc9a1296000-7fc9a1298000 r--p 00009000 08:02 4981906                    /usr/lib/x86_64-linux-gnu/libkrb5support.so.0.1
7fc9a1298000-7fc9a1299000 ---p 0000b000 08:02 4981906                    /usr/lib/x86_64-linux-gnu/libkrb5support.so.0.1
7fc9a1299000-7fc9a129a000 r--p 0000b000 08:02 4981906                    /usr/lib/x86_64-linux-gnu/libkrb5support.so.0.1
7fc9a129a000-7fc9a129b000 rw-p 0000c000 08:02 4981906                    /usr/lib/x86_64-linux-gnu/libkrb5support.so.0.1
7fc9a129b000-7fc9a129d000 r--p 00000000 08:02 5243364                    /lib/x86_64-linux-gnu/libcom_err.so.2.1
7fc9a129d000-7fc9a129e000 r-xp 00002000 08:02 5243364                    /lib/x86_64-linux-gnu/libcom_err.so.2.1
7fc9a129e000-7fc9a129f000 r--p 00003000 08:02 5243364                    /lib/x86_64-linux-gnu/libcom_err.so.2.1
7fc9a129f000-7fc9a12a0000 r--p 00003000 08:02 5243364                    /lib/x86_64-linux-gnu/libcom_err.so.2.1
7fc9a12a0000-7fc9a12a1000 rw-p 00004000 08:02 5243364                    /lib/x86_64-linux-gnu/libcom_err.so.2.1
7fc9a12a1000-7fc9a12a5000 r--p 00000000 08:02 4981949                    /usr/lib/x86_64-linux-gnu/libk5crypto.so.3.1
7fc9a12a5000-7fc9a12c0000 r-xp 00004000 08:02 4981949                    /usr/lib/x86_64-linux-gnu/libk5crypto.so.3.1
7fc9a12c0000-7fc9a12cc000 r--p 0001f000 08:02 4981949                    /usr/lib/x86_64-linux-gnu/libk5crypto.so.3.1
7fc9a12cc000-7fc9a12cd000 ---p 0002b000 08:02 4981949                    /usr/lib/x86_64-linux-gnu/libk5crypto.so.3.1
7fc9a12cd000-7fc9a12ce000 r--p 0002b000 08:02 4981949                    /usr/lib/x86_64-linux-gnu/libk5crypto.so.3.1
7fc9a12ce000-7fc9a12cf000 rw-p 0002c000 08:02 4981949                    /usr/lib/x86_64-linux-gnu/libk5crypto.so.3.1
7fc9a12cf000-7fc9a12d0000 rw-p 00000000 00:00 0 
7fc9a12d0000-7fc9a12f1000 r--p 00000000 08:02 4981951                    /usr/lib/x86_64-linux-gnu/libkrb5.so.3.3
7fc9a12f1000-7fc9a134e000 r-xp 00021000 08:02 4981951                    /usr/lib/x86_64-linux-gnu/libkrb5.so.3.3
7fc9a134e000-7fc9a138b000 r--p 0007e000 08:02 4981951                    /usr/lib/x86_64-linux-gnu/libkrb5.so.3.3
7fc9a138b000-7fc9a138c000 ---p 000bb000 08:02 4981951                    /usr/lib/x86_64-linux-gnu/libkrb5.so.3.3
7fc9a138c000-7fc9a1399000 r--p 000bb000 08:02 4981951                    /usr/lib/x86_64-linux-gnu/libkrb5.so.3.3
7fc9a1399000-7fc9a139b000 rw-p 000c8000 08:02 4981951                    /usr/lib/x86_64-linux-gnu/libkrb5.so.3.3
7fc9a139b000-7fc9a13a6000 r--p 00000000 08:02 4981567                    /usr/lib/x86_64-linux-gnu/libgssapi_krb5.so.2.2
7fc9a13a6000-7fc9a13de000 r-xp 0000b000 08:02 4981567                    /usr/lib/x86_64-linux-gnu/libgssapi_krb5.so.2.2
7fc9a13de000-7fc9a13ea000 r--p 00043000 08:02 4981567                    /usr/lib/x86_64-linux-gnu/libgssapi_krb5.so.2.2
7fc9a13ea000-7fc9a13eb000 ---p 0004f000 08:02 4981567                    /usr/lib/x86_64-linux-gnu/libgssapi_krb5.so.2.2
7fc9a13eb000-7fc9a13ed000 r--p 0004f000 08:02 4981567                    /usr/lib/x86_64-linux-gnu/libgssapi_krb5.so.2.2
7fc9a13ed000-7fc9a13ef000 rw-p 00051000 08:02 4981567                    /usr/lib/x86_64-linux-gnu/libgssapi_krb5.so.2.2
7fc9a13ef000-7fc9a13f6000 r--p 00000000 08:02 5244077                    /lib/x86_64-linux-gnu/libtirpc.so.3.0.0
7fc9a13f6000-7fc9a1411000 r-xp 00007000 08:02 5244077                    /lib/x86_64-linux-gnu/libtirpc.so.3.0.0
7fc9a1411000-7fc9a141a000 r--p 00022000 08:02 5244077                    /lib/x86_64-linux-gnu/libtirpc.so.3.0.0
7fc9a141a000-7fc9a141b000 ---p 0002b000 08:02 5244077                    /lib/x86_64-linux-gnu/libtirpc.so.3.0.0
7fc9a141b000-7fc9a141c000 r--p 0002b000 08:02 5244077                    /lib/x86_64-linux-gnu/libtirpc.so.3.0.0
7fc9a141c000-7fc9a141d000 rw-p 0002c000 08:02 5244077                    /lib/x86_64-linux-gnu/libtirpc.so.3.0.0
7fc9a141d000-7fc9a1421000 r--p 00000000 08:02 4982967                    /usr/lib/x86_64-linux-gnu/libnsl.so.2.0.1
7fc9a1421000-7fc9a142f000 r-xp 00004000 08:02 4982967                    /usr/lib/x86_64-linux-gnu/libnsl.so.2.0.1
7fc9a142f000-7fc9a1433000 r--p 00012000 08:02 4982967                    /usr/lib/x86_64-linux-gnu/libnsl.so.2.0.1
7fc9a1433000-7fc9a1434000 r--p 00015000 08:02 4982967                    /usr/lib/x86_64-linux-gnu/libnsl.so.2.0.1
7fc9a1434000-7fc9a1435000 rw-p 00016000 08:02 4982967                    /usr/lib/x86_64-linux-gnu/libnsl.so.2.0.1
7fc9a1435000-7fc9a1437000 rw-p 00000000 00:00 0 
7fc9a1437000-7fc9a1439000 r--p 00000000 08:02 5244081                    /lib/x86_64-linux-gnu/libnss_nis.so.2.0.0
7fc9a1439000-7fc9a1442000 r-xp 00002000 08:02 5244081                    /lib/x86_64-linux-gnu/libnss_nis.so.2.0.0
7fc9a1442000-7fc9a1444000 r--p 0000b000 08:02 5244081                    /lib/x86_64-linux-gnu/libnss_nis.so.2.0.0
7fc9a1444000-7fc9a1445000 r--p 0000c000 08:02 5244081                    /lib/x86_64-linux-gnu/libnss_nis.so.2.0.0
7fc9a1445000-7fc9a1446000 rw-p 0000d000 08:02 5244081                    /lib/x86_64-linux-gnu/libnss_nis.so.2.0.0
7fc9a1446000-7fc9a1448000 r--p 00000000 08:02 5259685                    /lib/x86_64-linux-gnu/libnss_compat.so.2
7fc9a1448000-7fc9a144f000 r-xp 00002000 08:02 5259685                    /lib/x86_64-linux-gnu/libnss_compat.so.2
7fc9a144f000-7fc9a1450000 r--p 00009000 08:02 5259685                    /lib/x86_64-linux-gnu/libnss_compat.so.2
7fc9a1450000-7fc9a1451000 r--p 00009000 08:02 5259685                    /lib/x86_64-linux-gnu/libnss_compat.so.2
7fc9a1451000-7fc9a1452000 rw-p 0000a000 08:02 5259685                    /lib/x86_64-linux-gnu/libnss_compat.so.2
7fc9a1454000-7fc9a1459000 rw-p 00000000 00:00 0 
7fc9a1459000-7fc9a1460000 ---p 00000000 00:00 0 
7fc9a1460000-7fc9a1462000 r--p 00000000 08:02 5404148                    /usr/lib/jvm/java-11-openjdk-amd64/lib/libzip.so
7fc9a1462000-7fc9a1467000 r-xp 00002000 08:02 5404148                    /usr/lib/jvm/java-11-openjdk-amd64/lib/libzip.so
7fc9a1467000-7fc9a1469000 r--p 00007000 08:02 5404148                    /usr/lib/jvm/java-11-openjdk-amd64/lib/libzip.so
7fc9a1469000-7fc9a146a000 r--p 00008000 08:02 5404148                    /usr/lib/jvm/java-11-openjdk-amd64/lib/libzip.so
7fc9a146a000-7fc9a146b000 rw-p 00009000 08:02 5404148                    /usr/lib/jvm/java-11-openjdk-amd64/lib/libzip.so
7fc9a146b000-7fc9a1473000 rw-s 00000000 08:02 3550415                    /tmp/hsperfdata_dam2a/1839269
7fc9a1473000-7fc9a1480000 r--p 00000000 08:02 5404128                    /usr/lib/jvm/java-11-openjdk-amd64/lib/libjava.so
7fc9a1480000-7fc9a1496000 r-xp 0000d000 08:02 5404128                    /usr/lib/jvm/java-11-openjdk-amd64/lib/libjava.so
7fc9a1496000-7fc9a149d000 r--p 00023000 08:02 5404128                    /usr/lib/jvm/java-11-openjdk-amd64/lib/libjava.so
7fc9a149d000-7fc9a149e000 r--p 00029000 08:02 5404128                    /usr/lib/jvm/java-11-openjdk-amd64/lib/libjava.so
7fc9a149e000-7fc9a149f000 rw-p 0002a000 08:02 5404128                    /usr/lib/jvm/java-11-openjdk-amd64/lib/libjava.so
7fc9a149f000-7fc9a14a0000 rw-p 00000000 00:00 0 
7fc9a14a0000-7fc9a14a1000 r--p 00000000 08:02 5259698                    /lib/x86_64-linux-gnu/librt.so.1
7fc9a14a1000-7fc9a14a2000 r-xp 00001000 08:02 5259698                    /lib/x86_64-linux-gnu/librt.so.1
7fc9a14a2000-7fc9a14a3000 r--p 00002000 08:02 5259698                    /lib/x86_64-linux-gnu/librt.so.1
7fc9a14a3000-7fc9a14a4000 r--p 00002000 08:02 5259698                    /lib/x86_64-linux-gnu/librt.so.1
7fc9a14a4000-7fc9a14a5000 rw-p 00003000 08:02 5259698                    /lib/x86_64-linux-gnu/librt.so.1
7fc9a14a5000-7fc9a14a9000 ---p 00000000 00:00 0 
7fc9a14a9000-7fc9a15a5000 rw-p 00000000 00:00 0 
7fc9a15a5000-7fc9a15a8000 r--p 00000000 08:02 5242960                    /lib/x86_64-linux-gnu/libgcc_s.so.1
7fc9a15a8000-7fc9a15bf000 r-xp 00003000 08:02 5242960                    /lib/x86_64-linux-gnu/libgcc_s.so.1
7fc9a15bf000-7fc9a15c3000 r--p 0001a000 08:02 5242960                    /lib/x86_64-linux-gnu/libgcc_s.so.1
7fc9a15c3000-7fc9a15c4000 r--p 0001d000 08:02 5242960                    /lib/x86_64-linux-gnu/libgcc_s.so.1
7fc9a15c4000-7fc9a15c5000 rw-p 0001e000 08:02 5242960                    /lib/x86_64-linux-gnu/libgcc_s.so.1
7fc9a15c5000-7fc9a15d3000 r--p 00000000 08:02 5245697                    /lib/x86_64-linux-gnu/libm.so.6
7fc9a15d3000-7fc9a164f000 r-xp 0000e000 08:02 5245697                    /lib/x86_64-linux-gnu/libm.so.6
7fc9a164f000-7fc9a16aa000 r--p 0008a000 08:02 5245697                    /lib/x86_64-linux-gnu/libm.so.6
7fc9a16aa000-7fc9a16ab000 r--p 000e4000 08:02 5245697                    /lib/x86_64-linux-gnu/libm.so.6
7fc9a16ab000-7fc9a16ac000 rw-p 000e5000 08:02 5245697                    /lib/x86_64-linux-gnu/libm.so.6
7fc9a16ac000-7fc9a1746000 r--p 00000000 08:02 5003425                    /usr/lib/x86_64-linux-gnu/libstdc++.so.6.0.30
7fc9a1746000-7fc9a1856000 r-xp 0009a000 08:02 5003425                    /usr/lib/x86_64-linux-gnu/libstdc++.so.6.0.30
7fc9a1856000-7fc9a18c5000 r--p 001aa000 08:02 5003425                    /usr/lib/x86_64-linux-gnu/libstdc++.so.6.0.30
7fc9a18c5000-7fc9a18d0000 r--p 00218000 08:02 5003425                    /usr/lib/x86_64-linux-gnu/libstdc++.so.6.0.30
7fc9a18d0000-7fc9a18d3000 rw-p 00223000 08:02 5003425                    /usr/lib/x86_64-linux-gnu/libstdc++.so.6.0.30
7fc9a18d3000-7fc9a18d6000 rw-p 00000000 00:00 0 
7fc9a18d6000-7fc9a1b58000 r--p 00000000 08:02 5404152                    /usr/lib/jvm/java-11-openjdk-amd64/lib/server/libjvm.so
7fc9a1b58000-7fc9a27eb000 r-xp 00282000 08:02 5404152                    /usr/lib/jvm/java-11-openjdk-amd64/lib/server/libjvm.so
7fc9a27eb000-7fc9a2a45000 r--p 00f15000 08:02 5404152                    /usr/lib/jvm/java-11-openjdk-amd64/lib/server/libjvm.so
7fc9a2a45000-7fc9a2b09000 r--p 0116e000 08:02 5404152                    /usr/lib/jvm/java-11-openjdk-amd64/lib/server/libjvm.so
7fc9a2b09000-7fc9a2b44000 rw-p 01232000 08:02 5404152                    /usr/lib/jvm/java-11-openjdk-amd64/lib/server/libjvm.so
7fc9a2b44000-7fc9a2b9d000 rw-p 00000000 00:00 0 
7fc9a2b9d000-7fc9a2b9f000 r--p 00000000 08:02 5243380                    /lib/x86_64-linux-gnu/libz.so.1.2.11
7fc9a2b9f000-7fc9a2bb0000 r-xp 00002000 08:02 5243380                    /lib/x86_64-linux-gnu/libz.so.1.2.11
7fc9a2bb0000-7fc9a2bb6000 r--p 00013000 08:02 5243380                    /lib/x86_64-linux-gnu/libz.so.1.2.11
7fc9a2bb6000-7fc9a2bb7000 ---p 00019000 08:02 5243380                    /lib/x86_64-linux-gnu/libz.so.1.2.11
7fc9a2bb7000-7fc9a2bb8000 r--p 00019000 08:02 5243380                    /lib/x86_64-linux-gnu/libz.so.1.2.11
7fc9a2bb8000-7fc9a2bb9000 rw-p 0001a000 08:02 5243380                    /lib/x86_64-linux-gnu/libz.so.1.2.11
7fc9a2bb9000-7fc9a2be1000 r--p 00000000 08:02 5244585                    /lib/x86_64-linux-gnu/libc.so.6
7fc9a2be1000-7fc9a2d76000 r-xp 00028000 08:02 5244585                    /lib/x86_64-linux-gnu/libc.so.6
7fc9a2d76000-7fc9a2dce000 r--p 001bd000 08:02 5244585                    /lib/x86_64-linux-gnu/libc.so.6
7fc9a2dce000-7fc9a2dd2000 r--p 00214000 08:02 5244585                    /lib/x86_64-linux-gnu/libc.so.6
7fc9a2dd2000-7fc9a2dd4000 rw-p 00218000 08:02 5244585                    /lib/x86_64-linux-gnu/libc.so.6
7fc9a2dd4000-7fc9a2de1000 rw-p 00000000 00:00 0 
7fc9a2de4000-7fc9a2de6000 r--s 0000c000 08:02 5641121                    /usr/share/java/java-atk-wrapper.jar
7fc9a2de6000-7fc9a2de7000 ---p 00000000 00:00 0 
7fc9a2de7000-7fc9a2de8000 r--p 00000000 00:00 0 
7fc9a2de8000-7fc9a2dea000 r--p 00000000 08:02 5404131                    /usr/lib/jvm/java-11-openjdk-amd64/lib/libjimage.so
7fc9a2dea000-7fc9a2ded000 r-xp 00002000 08:02 5404131                    /usr/lib/jvm/java-11-openjdk-amd64/lib/libjimage.so
7fc9a2ded000-7fc9a2dee000 r--p 00005000 08:02 5404131                    /usr/lib/jvm/java-11-openjdk-amd64/lib/libjimage.so
7fc9a2dee000-7fc9a2def000 ---p 00006000 08:02 5404131                    /usr/lib/jvm/java-11-openjdk-amd64/lib/libjimage.so
7fc9a2def000-7fc9a2df0000 r--p 00006000 08:02 5404131                    /usr/lib/jvm/java-11-openjdk-amd64/lib/libjimage.so
7fc9a2df0000-7fc9a2df1000 rw-p 00007000 08:02 5404131                    /usr/lib/jvm/java-11-openjdk-amd64/lib/libjimage.so
7fc9a2df1000-7fc9a2df6000 r--p 00000000 08:02 5404147                    /usr/lib/jvm/java-11-openjdk-amd64/lib/libverify.so
7fc9a2df6000-7fc9a2dfd000 r-xp 00005000 08:02 5404147                    /usr/lib/jvm/java-11-openjdk-amd64/lib/libverify.so
7fc9a2dfd000-7fc9a2dff000 r--p 0000c000 08:02 5404147                    /usr/lib/jvm/java-11-openjdk-amd64/lib/libverify.so
7fc9a2dff000-7fc9a2e01000 r--p 0000d000 08:02 5404147                    /usr/lib/jvm/java-11-openjdk-amd64/lib/libverify.so
7fc9a2e01000-7fc9a2e02000 rw-p 0000f000 08:02 5404147                    /usr/lib/jvm/java-11-openjdk-amd64/lib/libverify.so
7fc9a2e02000-7fc9a2e05000 r--p 00000000 08:02 5637953                    /usr/lib/jvm/java-11-openjdk-amd64/lib/jli/libjli.so
7fc9a2e05000-7fc9a2e0f000 r-xp 00003000 08:02 5637953                    /usr/lib/jvm/java-11-openjdk-amd64/lib/jli/libjli.so
7fc9a2e0f000-7fc9a2e12000 r--p 0000d000 08:02 5637953                    /usr/lib/jvm/java-11-openjdk-amd64/lib/jli/libjli.so
7fc9a2e12000-7fc9a2e13000 ---p 00010000 08:02 5637953                    /usr/lib/jvm/java-11-openjdk-amd64/lib/jli/libjli.so
7fc9a2e13000-7fc9a2e14000 r--p 00010000 08:02 5637953                    /usr/lib/jvm/java-11-openjdk-amd64/lib/jli/libjli.so
7fc9a2e14000-7fc9a2e15000 rw-p 00011000 08:02 5637953                    /usr/lib/jvm/java-11-openjdk-amd64/lib/jli/libjli.so
7fc9a2e15000-7fc9a2e17000 rw-p 00000000 00:00 0 
7fc9a2e17000-7fc9a2e19000 r--p 00000000 08:02 5244080                    /lib/x86_64-linux-gnu/ld-linux-x86-64.so.2
7fc9a2e19000-7fc9a2e43000 r-xp 00002000 08:02 5244080                    /lib/x86_64-linux-gnu/ld-linux-x86-64.so.2
7fc9a2e43000-7fc9a2e4e000 r--p 0002c000 08:02 5244080                    /lib/x86_64-linux-gnu/ld-linux-x86-64.so.2
7fc9a2e4f000-7fc9a2e51000 r--p 00037000 08:02 5244080                    /lib/x86_64-linux-gnu/ld-linux-x86-64.so.2
7fc9a2e51000-7fc9a2e53000 rw-p 00039000 08:02 5244080                    /lib/x86_64-linux-gnu/ld-linux-x86-64.so.2
7ffcb4de3000-7ffcb4e04000 rw-p 00000000 00:00 0                          [stack]
7ffcb4f6e000-7ffcb4f72000 r--p 00000000 00:00 0                          [vvar]
7ffcb4f72000-7ffcb4f74000 r-xp 00000000 00:00 0                          [vdso]
ffffffffff600000-ffffffffff601000 --xp 00000000 00:00 0                  [vsyscall]


VM Arguments:
jvm_args: -Dfile.encoding=UTF-8 --module-path=/home/dam2a/NetBeansProjects/Exercicio3PSP/build/classes 
java_command: exercicio3psp.Exercicio3PSP
java_class_path (initial): /home/dam2a/NetBeansProjects/Exercicio3PSP/build/classes
Launcher Type: SUN_STANDARD

[Global flags]
     intx CICompilerCount                          = 3                                         {product} {ergonomic}
     uint G1ConcRefinementThreads                  = 4                                         {product} {ergonomic}
   size_t G1HeapRegionSize                         = 1048576                                   {product} {ergonomic}
    uintx GCDrainStackTargetSize                   = 64                                        {product} {ergonomic}
   size_t InitialHeapSize                          = 262144000                                 {product} {ergonomic}
   size_t MaxHeapSize                              = 4167041024                                {product} {ergonomic}
   size_t MinHeapDeltaBytes                        = 1048576                                   {product} {ergonomic}
    uintx NonNMethodCodeHeapSize                   = 5830732                                {pd product} {ergonomic}
    uintx NonProfiledCodeHeapSize                  = 122913754                              {pd product} {ergonomic}
    uintx ProfiledCodeHeapSize                     = 122913754                              {pd product} {ergonomic}
    uintx ReservedCodeCacheSize                    = 251658240                              {pd product} {ergonomic}
     bool SegmentedCodeCache                       = true                                      {product} {ergonomic}
     bool UseCompressedClassPointers               = true                                 {lp64_product} {ergonomic}
     bool UseCompressedOops                        = true                                 {lp64_product} {ergonomic}
     bool UseG1GC                                  = true                                      {product} {ergonomic}

Logging:
Log output configuration:
 #0: stdout all=warning uptime,level,tags
 #1: stderr all=off uptime,level,tags

Environment Variables:
PATH=/usr/local/sbin:/usr/local/bin:/usr/sbin:/usr/bin:/sbin:/bin:/usr/games:/usr/local/games:/snap/bin:/snap/bin:/opt/puppetlabs/bin:/home/dam2a/.local/share/JetBrains/Toolbox/scripts
USERNAME=dam2a
SHELL=/bin/bash
DISPLAY=:0
LANG=es_ES.UTF-8

Signal Handlers:
SIGSEGV: [libjvm.so+0xea2e90], sa_mask[0]=11111111011111111101111111111110, sa_flags=SA_RESTART|SA_SIGINFO
SIGBUS: [libjvm.so+0xea2e90], sa_mask[0]=11111111011111111101111111111110, sa_flags=SA_RESTART|SA_SIGINFO
SIGFPE: [libjvm.so+0xea2e90], sa_mask[0]=11111111011111111101111111111110, sa_flags=SA_RESTART|SA_SIGINFO
SIGPIPE: [libjvm.so+0xbe6fe0], sa_mask[0]=11111111011111111101111111111110, sa_flags=SA_RESTART|SA_SIGINFO
SIGXFSZ: [libjvm.so+0xbe6fe0], sa_mask[0]=11111111011111111101111111111110, sa_flags=SA_RESTART|SA_SIGINFO
SIGILL: [libjvm.so+0xea2e90], sa_mask[0]=11111111011111111101111111111110, sa_flags=SA_RESTART|SA_SIGINFO
SIGUSR2: [libjvm.so+0xbe6e80], sa_mask[0]=00100000000000000000000000000000, sa_flags=SA_RESTART|SA_SIGINFO
SIGHUP: SIG_DFL, sa_mask[0]=00000000000000000000000000000000, sa_flags=none
SIGINT: SIG_IGN, sa_mask[0]=00000000000000000000000000000000, sa_flags=none
SIGTERM: SIG_DFL, sa_mask[0]=00000000000000000000000000000000, sa_flags=none
SIGQUIT: SIG_DFL, sa_mask[0]=00000000000000000000000000000000, sa_flags=none


---------------  S Y S T E M  ---------------

OS:DISTRIB_ID=Ubuntu
DISTRIB_RELEASE=22.04
DISTRIB_CODENAME=jammy
DISTRIB_DESCRIPTION="Ubuntu 22.04.1 LTS"
uname:Linux 5.15.0-53-generic #59-Ubuntu SMP Mon Oct 17 18:53:30 UTC 2022 x86_64
OS uptime: 0 days 0:48 hours
libc:glibc 2.35 NPTL 2.35 
rlimit (soft/hard): STACK 8192k/infinity , CORE 0k/infinity , NPROC 63091/63091 , NOFILE 1048576/1048576 , AS infinity/infinity , CPU infinity/infinity , DATA infinity/infinity , FSIZE infinity/infinity , MEMLOCK 2033720k/2033720k
load average:4.19 3.01 1.71

/proc/meminfo:
MemTotal:       16269780 kB
MemFree:         7438052 kB
MemAvailable:   10010100 kB
Buffers:          245968 kB
Cached:          2726340 kB
SwapCached:            0 kB
Active:          1314440 kB
Inactive:        6406376 kB
Active(anon):       6724 kB
Inactive(anon):  4965696 kB
Active(file):    1307716 kB
Inactive(file):  1440680 kB
Unevictable:      176040 kB
Mlocked:              16 kB
SwapTotal:      15999996 kB
SwapFree:       15999996 kB
Dirty:               680 kB
Writeback:             0 kB
AnonPages:       4924568 kB
Mapped:           666872 kB
Shmem:            223912 kB
KReclaimable:     153260 kB
Slab:             425384 kB
SReclaimable:     153260 kB
SUnreclaim:       272124 kB
KernelStack:      315328 kB
PageTables:        73872 kB
NFS_Unstable:          0 kB
Bounce:                0 kB
WritebackTmp:          0 kB
CommitLimit:    24134884 kB
Committed_AS:   28923028 kB
VmallocTotal:   34359738367 kB
VmallocUsed:      345724 kB
VmallocChunk:          0 kB
Percpu:             5264 kB
HardwareCorrupted:     0 kB
AnonHugePages:         0 kB
ShmemHugePages:        0 kB
ShmemPmdMapped:        0 kB
FileHugePages:         0 kB
FilePmdMapped:         0 kB
HugePages_Total:       0
HugePages_Free:        0
HugePages_Rsvd:        0
HugePages_Surp:        0
Hugepagesize:       2048 kB
Hugetlb:               0 kB
DirectMap4k:      382052 kB
DirectMap2M:     9988096 kB
DirectMap1G:     6291456 kB

/sys/kernel/mm/transparent_hugepage/enabled:
always [madvise] never
/sys/kernel/mm/transparent_hugepage/defrag (defrag/compaction efforts parameter):
always defer defer+madvise [madvise] never

Process Memory:
Virtual Size: 482316K (peak: 482316K)
Resident Set Size: 15756K (peak: 15756K) (anon: 2044K, file: 13712K, shmem: 0K)
Swapped out: 0K
C-Heap outstanding allocations: 348K, retained: 55K
glibc malloc tunables: (default)

/proc/sys/kernel/threads-max (system-wide limit on the number of threads):
126182
/proc/sys/vm/max_map_count (maximum number of memory map areas a process may have):
65530
/proc/sys/kernel/pid_max (system-wide limit on number of process identifiers):
4194304

container (cgroup) information:
container_type: cgroupv2
cpu_cpuset_cpus: not supported
cpu_memory_nodes: not supported
active_processor_count: 4
cpu_quota: not supported
cpu_period: not supported
cpu_shares: not supported
memory_limit_in_bytes: unlimited
memory_and_swap_limit_in_bytes: unlimited
memory_soft_limit_in_bytes: unlimited
memory_usage_in_bytes: 4795560 k
memory_max_usage_in_bytes: not supported
maximum number of tasks: 18927
current number of tasks: 18925

Steal ticks since vm start: 0
Steal ticks percentage since vm start:  0.000

CPU:total 4 (initial active 4) (4 cores per cpu, 1 threads per core) family 6 model 158 stepping 9 microcode 0xf0, cmov, cx8, fxsr, mmx, sse, sse2, sse3, ssse3, sse4.1, sse4.2, popcnt, avx, avx2, aes, clmul, erms, 3dnowpref, lzcnt, tsc, tscinvbit, bmi1, bmi2, adx, fma
CPU Model and flags from /proc/cpuinfo:
model name	: Intel(R) Core(TM) i5-7400 CPU @ 3.00GHz
flags		: fpu vme de pse tsc msr pae mce cx8 apic sep mtrr pge mca cmov pat pse36 clflush dts acpi mmx fxsr sse sse2 ss ht tm pbe syscall nx pdpe1gb rdtscp lm constant_tsc art arch_perfmon pebs bts rep_good nopl xtopology nonstop_tsc cpuid aperfmperf pni pclmulqdq dtes64 monitor ds_cpl vmx est tm2 ssse3 sdbg fma cx16 xtpr pdcm pcid sse4_1 sse4_2 x2apic movbe popcnt tsc_deadline_timer aes xsave avx f16c rdrand lahf_lm abm 3dnowprefetch cpuid_fault invpcid_single pti ssbd ibrs ibpb stibp tpr_shadow vnmi flexpriority ept vpid ept_ad fsgsbase tsc_adjust bmi1 avx2 smep bmi2 erms invpcid mpx rdseed adx smap clflushopt intel_pt xsaveopt xsavec xgetbv1 xsaves dtherm ida arat pln pts hwp hwp_notify hwp_act_window hwp_epp md_clear flush_l1d arch_capabilities
Online cpus:
0-3
Offline cpus:

BIOS frequency limitation:
<Not Available>
Frequency switch latency (ns):
0
Available cpu frequencies:
<Not Available>
Current governor:
powersave
Core performance/turbo boost:
<Not Available>

Memory: 4k page, physical 16269780k(7438052k free), swap 15999996k(15999996k free)

vm_info: OpenJDK 64-Bit Server VM (11.0.17+8-post-Ubuntu-1ubuntu222.04) for linux-amd64 JRE (11.0.17+8-post-Ubuntu-1ubuntu222.04), built on Oct 24 2022 16:41:58 by "unknown" with gcc 11.2.0

END.
