#
# There is insufficient memory for the Java Runtime Environment to continue.
# Cannot create worker GC thread. Out of system resources.
# Possible reasons:
#   The system is out of physical RAM or swap space
#   The process is running with CompressedOops enabled, and the Java Heap may be blocking the growth of the native heap
# Possible solutions:
#   Reduce memory load on the system
#   Increase physical memory or swap space
#   Check if swap backing store is full
#   Decrease Java heap size (-Xmx/-Xms)
#   Decrease number of Java threads
#   Decrease Java thread stack sizes (-Xss)
#   Set larger code cache with -XX:ReservedCodeCacheSize=
# This output file may be truncated or incomplete.
#
#  Out of Memory Error (workerManager.hpp:70), pid=2990573, tid=2990598
#
# JRE version:  (11.0.17+8) (build )
# Java VM: OpenJDK 64-Bit Server VM (11.0.17+8-post-Ubuntu-1ubuntu222.04, mixed mode, sharing, tiered, compressed oops, g1 gc, linux-amd64)
# Core dump will be written. Default location: Core dumps may be processed with "/usr/share/apport/apport -p%p -s%s -c%c -d%d -P%P -u%u -g%g -- %E" (or dumping to /home/dam2a/NetBeansProjects/Exercicio3PSP/core.2990573)
#

---------------  S U M M A R Y ------------

Command Line: -Dfile.encoding=UTF-8 --module-path=/home/dam2a/NetBeansProjects/Exercicio3PSP/build/classes exercicio3psp.Exercicio3PSP

Host: Intel(R) Core(TM) i5-7400 CPU @ 3.00GHz, 4 cores, 15G, Ubuntu 22.04.1 LTS
Time: Fri Nov 25 10:36:51 2022 CET elapsed time: 0.030137 seconds (0d 0h 0m 0s)

---------------  T H R E A D  ---------------

Current thread (0x00007f9f7001c000):  JavaThread "Unknown thread" [_thread_in_vm, id=2990598, stack(0x00007f9f77a58000,0x00007f9f77b58000)]

Stack: [0x00007f9f77a58000,0x00007f9f77b58000],  sp=0x00007f9f77b56490,  free space=1017k
Native frames: (J=compiled Java code, A=aot compiled Java code, j=interpreted, Vv=VM code, C=native code)
V  [libjvm.so+0xea208a]
V  [libjvm.so+0xea2e31]
V  [libjvm.so+0x67dd9a]
V  [libjvm.so+0xecfe09]
V  [libjvm.so+0x7656f2]
V  [libjvm.so+0x74f48a]
V  [libjvm.so+0xe5db66]
V  [libjvm.so+0xe5de1a]
V  [libjvm.so+0x84578c]
V  [libjvm.so+0xe35542]
V  [libjvm.so+0x8ec745]  JNI_CreateJavaVM+0x55
C  [libjli.so+0x4d11]
C  [libjli.so+0x998d]


---------------  P R O C E S S  ---------------

Threads class SMR info:
_java_thread_list=0x000055d42b37db10, length=0, elements={
}

Java Threads: ( => current thread )

Other Threads:
  0x00007f9f70034000 GCTaskThread "GC Thread#0" [stack: 0x00007f9f7754f000,0x00007f9f7764f000] [id=2990642]

[error occurred during error reporting (printing all threads), id 0xb, SIGSEGV (0xb) at pc=0x00007f9f785e9d54]

VM state:not at safepoint (not fully initialized)

VM Mutex/Monitor currently owned by a thread:  ([mutex/lock_event])
[0x00007f9f70014180] Heap_lock - owner thread: 0x00007f9f7001c000

Heap address: 0x0000000707a00000, size: 3974 MB, Compressed Oops mode: Non-zero based: 0x0000000707a00000
Narrow klass base: 0x0000000000000000, Narrow klass shift: 0

GC Heap History (0 events):
No events

Deoptimization events (0 events):
No events

Classes redefined (0 events):
No events

Internal exceptions (0 events):
No events

Events (2 events):
Event: 0.004 Protecting memory [0x00007f9f77a58000,0x00007f9f77a5c000] with protection modes 0
Event: 0.004 Loaded shared library /usr/lib/jvm/java-11-openjdk-amd64/lib/libzip.so


Dynamic libraries:
707a00000-800000000 ---p 00000000 00:00 0 
55d42ab46000-55d42ab47000 r--p 00000000 08:02 5505253                    /usr/lib/jvm/java-11-openjdk-amd64/bin/java
55d42ab47000-55d42ab48000 r-xp 00001000 08:02 5505253                    /usr/lib/jvm/java-11-openjdk-amd64/bin/java
55d42ab48000-55d42ab49000 r--p 00002000 08:02 5505253                    /usr/lib/jvm/java-11-openjdk-amd64/bin/java
55d42ab49000-55d42ab4a000 r--p 00002000 08:02 5505253                    /usr/lib/jvm/java-11-openjdk-amd64/bin/java
55d42ab4a000-55d42ab4b000 rw-p 00003000 08:02 5505253                    /usr/lib/jvm/java-11-openjdk-amd64/bin/java
55d42b365000-55d42b386000 rw-p 00000000 00:00 0                          [heap]
7f9f4c3d0000-7f9f54000000 ---p 00000000 00:00 0 
7f9f54000000-7f9f54021000 rw-p 00000000 00:00 0 
7f9f54021000-7f9f58000000 ---p 00000000 00:00 0 
7f9f587fd000-7f9f58a6d000 rwxp 00000000 00:00 0 
7f9f58a6d000-7f9f58d8d000 ---p 00000000 00:00 0 
7f9f58d8d000-7f9f58ffd000 rwxp 00000000 00:00 0 
7f9f58ffd000-7f9f602c5000 ---p 00000000 00:00 0 
7f9f602c5000-7f9f60535000 rwxp 00000000 00:00 0 
7f9f60535000-7f9f677fd000 ---p 00000000 00:00 0 
7f9f677fd000-7f9f70000000 r--s 00000000 08:02 5404149                    /usr/lib/jvm/java-11-openjdk-amd64/lib/modules
7f9f70000000-7f9f7009e000 rw-p 00000000 00:00 0 
7f9f7009e000-7f9f74000000 ---p 00000000 00:00 0 
7f9f7587a000-7f9f7587b000 ---p 00000000 00:00 0 
7f9f7587b000-7f9f75a00000 rw-p 00000000 00:00 0 
7f9f75a00000-7f9f77149000 ---p 00000000 00:00 0 
7f9f77149000-7f9f7754d000 rw-p 00000000 00:00 0 
7f9f7754d000-7f9f7754e000 ---p 00000000 00:00 0 
7f9f7754e000-7f9f77654000 rw-p 00000000 00:00 0 
7f9f77654000-7f9f7773a000 ---p 00000000 00:00 0 
7f9f7773a000-7f9f7773f000 rw-p 00000000 00:00 0 
7f9f7773f000-7f9f77825000 ---p 00000000 00:00 0 
7f9f77825000-7f9f77828000 r--p 00000000 08:02 5259696                    /lib/x86_64-linux-gnu/libresolv.so.2
7f9f77828000-7f9f77832000 r-xp 00003000 08:02 5259696                    /lib/x86_64-linux-gnu/libresolv.so.2
7f9f77832000-7f9f77835000 r--p 0000d000 08:02 5259696                    /lib/x86_64-linux-gnu/libresolv.so.2
7f9f77835000-7f9f77836000 r--p 0000f000 08:02 5259696                    /lib/x86_64-linux-gnu/libresolv.so.2
7f9f77836000-7f9f77837000 rw-p 00010000 08:02 5259696                    /lib/x86_64-linux-gnu/libresolv.so.2
7f9f77837000-7f9f77839000 rw-p 00000000 00:00 0 
7f9f77839000-7f9f7783b000 r--p 00000000 08:02 5243402                    /lib/x86_64-linux-gnu/libkeyutils.so.1.9
7f9f7783b000-7f9f7783d000 r-xp 00002000 08:02 5243402                    /lib/x86_64-linux-gnu/libkeyutils.so.1.9
7f9f7783d000-7f9f7783e000 r--p 00004000 08:02 5243402                    /lib/x86_64-linux-gnu/libkeyutils.so.1.9
7f9f7783e000-7f9f7783f000 r--p 00004000 08:02 5243402                    /lib/x86_64-linux-gnu/libkeyutils.so.1.9
7f9f7783f000-7f9f77840000 rw-p 00005000 08:02 5243402                    /lib/x86_64-linux-gnu/libkeyutils.so.1.9
7f9f77840000-7f9f77843000 r--p 00000000 08:02 4981906                    /usr/lib/x86_64-linux-gnu/libkrb5support.so.0.1
7f9f77843000-7f9f77849000 r-xp 00003000 08:02 4981906                    /usr/lib/x86_64-linux-gnu/libkrb5support.so.0.1
7f9f77849000-7f9f7784b000 r--p 00009000 08:02 4981906                    /usr/lib/x86_64-linux-gnu/libkrb5support.so.0.1
7f9f7784b000-7f9f7784c000 ---p 0000b000 08:02 4981906                    /usr/lib/x86_64-linux-gnu/libkrb5support.so.0.1
7f9f7784c000-7f9f7784d000 r--p 0000b000 08:02 4981906                    /usr/lib/x86_64-linux-gnu/libkrb5support.so.0.1
7f9f7784d000-7f9f7784e000 rw-p 0000c000 08:02 4981906                    /usr/lib/x86_64-linux-gnu/libkrb5support.so.0.1
7f9f7784e000-7f9f77850000 r--p 00000000 08:02 5243364                    /lib/x86_64-linux-gnu/libcom_err.so.2.1
7f9f77850000-7f9f77851000 r-xp 00002000 08:02 5243364                    /lib/x86_64-linux-gnu/libcom_err.so.2.1
7f9f77851000-7f9f77852000 r--p 00003000 08:02 5243364                    /lib/x86_64-linux-gnu/libcom_err.so.2.1
7f9f77852000-7f9f77853000 r--p 00003000 08:02 5243364                    /lib/x86_64-linux-gnu/libcom_err.so.2.1
7f9f77853000-7f9f77854000 rw-p 00004000 08:02 5243364                    /lib/x86_64-linux-gnu/libcom_err.so.2.1
7f9f77854000-7f9f77858000 r--p 00000000 08:02 4981949                    /usr/lib/x86_64-linux-gnu/libk5crypto.so.3.1
7f9f77858000-7f9f77873000 r-xp 00004000 08:02 4981949                    /usr/lib/x86_64-linux-gnu/libk5crypto.so.3.1
7f9f77873000-7f9f7787f000 r--p 0001f000 08:02 4981949                    /usr/lib/x86_64-linux-gnu/libk5crypto.so.3.1
7f9f7787f000-7f9f77880000 ---p 0002b000 08:02 4981949                    /usr/lib/x86_64-linux-gnu/libk5crypto.so.3.1
7f9f77880000-7f9f77881000 r--p 0002b000 08:02 4981949                    /usr/lib/x86_64-linux-gnu/libk5crypto.so.3.1
7f9f77881000-7f9f77882000 rw-p 0002c000 08:02 4981949                    /usr/lib/x86_64-linux-gnu/libk5crypto.so.3.1
7f9f77882000-7f9f77883000 rw-p 00000000 00:00 0 
7f9f77883000-7f9f778a4000 r--p 00000000 08:02 4981951                    /usr/lib/x86_64-linux-gnu/libkrb5.so.3.3
7f9f778a4000-7f9f77901000 r-xp 00021000 08:02 4981951                    /usr/lib/x86_64-linux-gnu/libkrb5.so.3.3
7f9f77901000-7f9f7793e000 r--p 0007e000 08:02 4981951                    /usr/lib/x86_64-linux-gnu/libkrb5.so.3.3
7f9f7793e000-7f9f7793f000 ---p 000bb000 08:02 4981951                    /usr/lib/x86_64-linux-gnu/libkrb5.so.3.3
7f9f7793f000-7f9f7794c000 r--p 000bb000 08:02 4981951                    /usr/lib/x86_64-linux-gnu/libkrb5.so.3.3
7f9f7794c000-7f9f7794e000 rw-p 000c8000 08:02 4981951                    /usr/lib/x86_64-linux-gnu/libkrb5.so.3.3
7f9f7794e000-7f9f77959000 r--p 00000000 08:02 4981567                    /usr/lib/x86_64-linux-gnu/libgssapi_krb5.so.2.2
7f9f77959000-7f9f77991000 r-xp 0000b000 08:02 4981567                    /usr/lib/x86_64-linux-gnu/libgssapi_krb5.so.2.2
7f9f77991000-7f9f7799d000 r--p 00043000 08:02 4981567                    /usr/lib/x86_64-linux-gnu/libgssapi_krb5.so.2.2
7f9f7799d000-7f9f7799e000 ---p 0004f000 08:02 4981567                    /usr/lib/x86_64-linux-gnu/libgssapi_krb5.so.2.2
7f9f7799e000-7f9f779a0000 r--p 0004f000 08:02 4981567                    /usr/lib/x86_64-linux-gnu/libgssapi_krb5.so.2.2
7f9f779a0000-7f9f779a2000 rw-p 00051000 08:02 4981567                    /usr/lib/x86_64-linux-gnu/libgssapi_krb5.so.2.2
7f9f779a2000-7f9f779a9000 r--p 00000000 08:02 5244077                    /lib/x86_64-linux-gnu/libtirpc.so.3.0.0
7f9f779a9000-7f9f779c4000 r-xp 00007000 08:02 5244077                    /lib/x86_64-linux-gnu/libtirpc.so.3.0.0
7f9f779c4000-7f9f779cd000 r--p 00022000 08:02 5244077                    /lib/x86_64-linux-gnu/libtirpc.so.3.0.0
7f9f779cd000-7f9f779ce000 ---p 0002b000 08:02 5244077                    /lib/x86_64-linux-gnu/libtirpc.so.3.0.0
7f9f779ce000-7f9f779cf000 r--p 0002b000 08:02 5244077                    /lib/x86_64-linux-gnu/libtirpc.so.3.0.0
7f9f779cf000-7f9f779d0000 rw-p 0002c000 08:02 5244077                    /lib/x86_64-linux-gnu/libtirpc.so.3.0.0
7f9f779d0000-7f9f779d4000 r--p 00000000 08:02 4982967                    /usr/lib/x86_64-linux-gnu/libnsl.so.2.0.1
7f9f779d4000-7f9f779e2000 r-xp 00004000 08:02 4982967                    /usr/lib/x86_64-linux-gnu/libnsl.so.2.0.1
7f9f779e2000-7f9f779e6000 r--p 00012000 08:02 4982967                    /usr/lib/x86_64-linux-gnu/libnsl.so.2.0.1
7f9f779e6000-7f9f779e7000 r--p 00015000 08:02 4982967                    /usr/lib/x86_64-linux-gnu/libnsl.so.2.0.1
7f9f779e7000-7f9f779e8000 rw-p 00016000 08:02 4982967                    /usr/lib/x86_64-linux-gnu/libnsl.so.2.0.1
7f9f779e8000-7f9f779ea000 rw-p 00000000 00:00 0 
7f9f779ea000-7f9f779ec000 r--p 00000000 08:02 5244081                    /lib/x86_64-linux-gnu/libnss_nis.so.2.0.0
7f9f779ec000-7f9f779f5000 r-xp 00002000 08:02 5244081                    /lib/x86_64-linux-gnu/libnss_nis.so.2.0.0
7f9f779f5000-7f9f779f7000 r--p 0000b000 08:02 5244081                    /lib/x86_64-linux-gnu/libnss_nis.so.2.0.0
7f9f779f7000-7f9f779f8000 r--p 0000c000 08:02 5244081                    /lib/x86_64-linux-gnu/libnss_nis.so.2.0.0
7f9f779f8000-7f9f779f9000 rw-p 0000d000 08:02 5244081                    /lib/x86_64-linux-gnu/libnss_nis.so.2.0.0
7f9f779f9000-7f9f779fb000 r--p 00000000 08:02 5259685                    /lib/x86_64-linux-gnu/libnss_compat.so.2
7f9f779fb000-7f9f77a02000 r-xp 00002000 08:02 5259685                    /lib/x86_64-linux-gnu/libnss_compat.so.2
7f9f77a02000-7f9f77a03000 r--p 00009000 08:02 5259685                    /lib/x86_64-linux-gnu/libnss_compat.so.2
7f9f77a03000-7f9f77a04000 r--p 00009000 08:02 5259685                    /lib/x86_64-linux-gnu/libnss_compat.so.2
7f9f77a04000-7f9f77a05000 rw-p 0000a000 08:02 5259685                    /lib/x86_64-linux-gnu/libnss_compat.so.2
7f9f77a07000-7f9f77a0c000 rw-p 00000000 00:00 0 
7f9f77a0c000-7f9f77a13000 ---p 00000000 00:00 0 
7f9f77a13000-7f9f77a15000 r--p 00000000 08:02 5404148                    /usr/lib/jvm/java-11-openjdk-amd64/lib/libzip.so
7f9f77a15000-7f9f77a1a000 r-xp 00002000 08:02 5404148                    /usr/lib/jvm/java-11-openjdk-amd64/lib/libzip.so
7f9f77a1a000-7f9f77a1c000 r--p 00007000 08:02 5404148                    /usr/lib/jvm/java-11-openjdk-amd64/lib/libzip.so
7f9f77a1c000-7f9f77a1d000 r--p 00008000 08:02 5404148                    /usr/lib/jvm/java-11-openjdk-amd64/lib/libzip.so
7f9f77a1d000-7f9f77a1e000 rw-p 00009000 08:02 5404148                    /usr/lib/jvm/java-11-openjdk-amd64/lib/libzip.so
7f9f77a1e000-7f9f77a26000 rw-s 00000000 08:02 3538957                    /tmp/hsperfdata_dam2a/2990573 (deleted)
7f9f77a26000-7f9f77a33000 r--p 00000000 08:02 5404128                    /usr/lib/jvm/java-11-openjdk-amd64/lib/libjava.so
7f9f77a33000-7f9f77a49000 r-xp 0000d000 08:02 5404128                    /usr/lib/jvm/java-11-openjdk-amd64/lib/libjava.so
7f9f77a49000-7f9f77a50000 r--p 00023000 08:02 5404128                    /usr/lib/jvm/java-11-openjdk-amd64/lib/libjava.so
7f9f77a50000-7f9f77a51000 r--p 00029000 08:02 5404128                    /usr/lib/jvm/java-11-openjdk-amd64/lib/libjava.so
7f9f77a51000-7f9f77a52000 rw-p 0002a000 08:02 5404128                    /usr/lib/jvm/java-11-openjdk-amd64/lib/libjava.so
7f9f77a52000-7f9f77a53000 rw-p 00000000 00:00 0 
7f9f77a53000-7f9f77a54000 r--p 00000000 08:02 5259698                    /lib/x86_64-linux-gnu/librt.so.1
7f9f77a54000-7f9f77a55000 r-xp 00001000 08:02 5259698                    /lib/x86_64-linux-gnu/librt.so.1
7f9f77a55000-7f9f77a56000 r--p 00002000 08:02 5259698                    /lib/x86_64-linux-gnu/librt.so.1
7f9f77a56000-7f9f77a57000 r--p 00002000 08:02 5259698                    /lib/x86_64-linux-gnu/librt.so.1
7f9f77a57000-7f9f77a58000 rw-p 00003000 08:02 5259698                    /lib/x86_64-linux-gnu/librt.so.1
7f9f77a58000-7f9f77a5c000 ---p 00000000 00:00 0 
7f9f77a5c000-7f9f77b58000 rw-p 00000000 00:00 0 
7f9f77b58000-7f9f77b5b000 r--p 00000000 08:02 5242960                    /lib/x86_64-linux-gnu/libgcc_s.so.1
7f9f77b5b000-7f9f77b72000 r-xp 00003000 08:02 5242960                    /lib/x86_64-linux-gnu/libgcc_s.so.1
7f9f77b72000-7f9f77b76000 r--p 0001a000 08:02 5242960                    /lib/x86_64-linux-gnu/libgcc_s.so.1
7f9f77b76000-7f9f77b77000 r--p 0001d000 08:02 5242960                    /lib/x86_64-linux-gnu/libgcc_s.so.1
7f9f77b77000-7f9f77b78000 rw-p 0001e000 08:02 5242960                    /lib/x86_64-linux-gnu/libgcc_s.so.1
7f9f77b78000-7f9f77b86000 r--p 00000000 08:02 5245697                    /lib/x86_64-linux-gnu/libm.so.6
7f9f77b86000-7f9f77c02000 r-xp 0000e000 08:02 5245697                    /lib/x86_64-linux-gnu/libm.so.6
7f9f77c02000-7f9f77c5d000 r--p 0008a000 08:02 5245697                    /lib/x86_64-linux-gnu/libm.so.6
7f9f77c5d000-7f9f77c5e000 r--p 000e4000 08:02 5245697                    /lib/x86_64-linux-gnu/libm.so.6
7f9f77c5e000-7f9f77c5f000 rw-p 000e5000 08:02 5245697                    /lib/x86_64-linux-gnu/libm.so.6
7f9f77c5f000-7f9f77cf9000 r--p 00000000 08:02 5003425                    /usr/lib/x86_64-linux-gnu/libstdc++.so.6.0.30
7f9f77cf9000-7f9f77e09000 r-xp 0009a000 08:02 5003425                    /usr/lib/x86_64-linux-gnu/libstdc++.so.6.0.30
7f9f77e09000-7f9f77e78000 r--p 001aa000 08:02 5003425                    /usr/lib/x86_64-linux-gnu/libstdc++.so.6.0.30
7f9f77e78000-7f9f77e83000 r--p 00218000 08:02 5003425                    /usr/lib/x86_64-linux-gnu/libstdc++.so.6.0.30
7f9f77e83000-7f9f77e86000 rw-p 00223000 08:02 5003425                    /usr/lib/x86_64-linux-gnu/libstdc++.so.6.0.30
7f9f77e86000-7f9f77e89000 rw-p 00000000 00:00 0 
7f9f77e89000-7f9f7810b000 r--p 00000000 08:02 5404152                    /usr/lib/jvm/java-11-openjdk-amd64/lib/server/libjvm.so
7f9f7810b000-7f9f78d9e000 r-xp 00282000 08:02 5404152                    /usr/lib/jvm/java-11-openjdk-amd64/lib/server/libjvm.so
7f9f78d9e000-7f9f78ff8000 r--p 00f15000 08:02 5404152                    /usr/lib/jvm/java-11-openjdk-amd64/lib/server/libjvm.so
7f9f78ff8000-7f9f790bc000 r--p 0116e000 08:02 5404152                    /usr/lib/jvm/java-11-openjdk-amd64/lib/server/libjvm.so
7f9f790bc000-7f9f790f7000 rw-p 01232000 08:02 5404152                    /usr/lib/jvm/java-11-openjdk-amd64/lib/server/libjvm.so
7f9f790f7000-7f9f79150000 rw-p 00000000 00:00 0 
7f9f79150000-7f9f79152000 r--p 00000000 08:02 5243380                    /lib/x86_64-linux-gnu/libz.so.1.2.11
7f9f79152000-7f9f79163000 r-xp 00002000 08:02 5243380                    /lib/x86_64-linux-gnu/libz.so.1.2.11
7f9f79163000-7f9f79169000 r--p 00013000 08:02 5243380                    /lib/x86_64-linux-gnu/libz.so.1.2.11
7f9f79169000-7f9f7916a000 ---p 00019000 08:02 5243380                    /lib/x86_64-linux-gnu/libz.so.1.2.11
7f9f7916a000-7f9f7916b000 r--p 00019000 08:02 5243380                    /lib/x86_64-linux-gnu/libz.so.1.2.11
7f9f7916b000-7f9f7916c000 rw-p 0001a000 08:02 5243380                    /lib/x86_64-linux-gnu/libz.so.1.2.11
7f9f7916c000-7f9f79194000 r--p 00000000 08:02 5244585                    /lib/x86_64-linux-gnu/libc.so.6
7f9f79194000-7f9f79329000 r-xp 00028000 08:02 5244585                    /lib/x86_64-linux-gnu/libc.so.6
7f9f79329000-7f9f79381000 r--p 001bd000 08:02 5244585                    /lib/x86_64-linux-gnu/libc.so.6
7f9f79381000-7f9f79385000 r--p 00214000 08:02 5244585                    /lib/x86_64-linux-gnu/libc.so.6
7f9f79385000-7f9f79387000 rw-p 00218000 08:02 5244585                    /lib/x86_64-linux-gnu/libc.so.6
7f9f79387000-7f9f79394000 rw-p 00000000 00:00 0 
7f9f79397000-7f9f79399000 r--s 0000c000 08:02 5641121                    /usr/share/java/java-atk-wrapper.jar
7f9f79399000-7f9f7939a000 ---p 00000000 00:00 0 
7f9f7939a000-7f9f7939b000 r--p 00000000 00:00 0 
7f9f7939b000-7f9f7939d000 r--p 00000000 08:02 5404131                    /usr/lib/jvm/java-11-openjdk-amd64/lib/libjimage.so
7f9f7939d000-7f9f793a0000 r-xp 00002000 08:02 5404131                    /usr/lib/jvm/java-11-openjdk-amd64/lib/libjimage.so
7f9f793a0000-7f9f793a1000 r--p 00005000 08:02 5404131                    /usr/lib/jvm/java-11-openjdk-amd64/lib/libjimage.so
7f9f793a1000-7f9f793a2000 ---p 00006000 08:02 5404131                    /usr/lib/jvm/java-11-openjdk-amd64/lib/libjimage.so
7f9f793a2000-7f9f793a3000 r--p 00006000 08:02 5404131                    /usr/lib/jvm/java-11-openjdk-amd64/lib/libjimage.so
7f9f793a3000-7f9f793a4000 rw-p 00007000 08:02 5404131                    /usr/lib/jvm/java-11-openjdk-amd64/lib/libjimage.so
7f9f793a4000-7f9f793a9000 r--p 00000000 08:02 5404147                    /usr/lib/jvm/java-11-openjdk-amd64/lib/libverify.so
7f9f793a9000-7f9f793b0000 r-xp 00005000 08:02 5404147                    /usr/lib/jvm/java-11-openjdk-amd64/lib/libverify.so
7f9f793b0000-7f9f793b2000 r--p 0000c000 08:02 5404147                    /usr/lib/jvm/java-11-openjdk-amd64/lib/libverify.so
7f9f793b2000-7f9f793b4000 r--p 0000d000 08:02 5404147                    /usr/lib/jvm/java-11-openjdk-amd64/lib/libverify.so
7f9f793b4000-7f9f793b5000 rw-p 0000f000 08:02 5404147                    /usr/lib/jvm/java-11-openjdk-amd64/lib/libverify.so
7f9f793b5000-7f9f793b8000 r--p 00000000 08:02 5637953                    /usr/lib/jvm/java-11-openjdk-amd64/lib/jli/libjli.so
7f9f793b8000-7f9f793c2000 r-xp 00003000 08:02 5637953                    /usr/lib/jvm/java-11-openjdk-amd64/lib/jli/libjli.so
7f9f793c2000-7f9f793c5000 r--p 0000d000 08:02 5637953                    /usr/lib/jvm/java-11-openjdk-amd64/lib/jli/libjli.so
7f9f793c5000-7f9f793c6000 ---p 00010000 08:02 5637953                    /usr/lib/jvm/java-11-openjdk-amd64/lib/jli/libjli.so
7f9f793c6000-7f9f793c7000 r--p 00010000 08:02 5637953                    /usr/lib/jvm/java-11-openjdk-amd64/lib/jli/libjli.so
7f9f793c7000-7f9f793c8000 rw-p 00011000 08:02 5637953                    /usr/lib/jvm/java-11-openjdk-amd64/lib/jli/libjli.so
7f9f793c8000-7f9f793ca000 rw-p 00000000 00:00 0 
7f9f793ca000-7f9f793cc000 r--p 00000000 08:02 5244080                    /lib/x86_64-linux-gnu/ld-linux-x86-64.so.2
7f9f793cc000-7f9f793f6000 r-xp 00002000 08:02 5244080                    /lib/x86_64-linux-gnu/ld-linux-x86-64.so.2
7f9f793f6000-7f9f79401000 r--p 0002c000 08:02 5244080                    /lib/x86_64-linux-gnu/ld-linux-x86-64.so.2
7f9f79402000-7f9f79404000 r--p 00037000 08:02 5244080                    /lib/x86_64-linux-gnu/ld-linux-x86-64.so.2
7f9f79404000-7f9f79406000 rw-p 00039000 08:02 5244080                    /lib/x86_64-linux-gnu/ld-linux-x86-64.so.2
7ffdb9222000-7ffdb9243000 rw-p 00000000 00:00 0                          [stack]
7ffdb939f000-7ffdb93a3000 r--p 00000000 00:00 0                          [vvar]
7ffdb93a3000-7ffdb93a5000 r-xp 00000000 00:00 0                          [vdso]
ffffffffff600000-ffffffffff601000 --xp 00000000 00:00 0                  [vsyscall]


VM Arguments:
jvm_args: -Dfile.encoding=UTF-8 --module-path=/home/dam2a/NetBeansProjects/Exercicio3PSP/build/classes 
java_command: exercicio3psp.Exercicio3PSP
java_class_path (initial): /home/dam2a/NetBeansProjects/Exercicio3PSP/build/classes
Launcher Type: SUN_STANDARD

[Global flags]
     intx CICompilerCount                          = 3                                         {product} {ergonomic}
     uint ConcGCThreads                            = 1                                         {product} {ergonomic}
     uint G1ConcRefinementThreads                  = 4                                         {product} {ergonomic}
   size_t G1HeapRegionSize                         = 1048576                                   {product} {ergonomic}
    uintx GCDrainStackTargetSize                   = 64                                        {product} {ergonomic}
   size_t InitialHeapSize                          = 262144000                                 {product} {ergonomic}
   size_t MaxHeapSize                              = 4167041024                                {product} {ergonomic}
   size_t MinHeapDeltaBytes                        = 1048576                                   {product} {ergonomic}
    uintx NonNMethodCodeHeapSize                   = 5830732                                {pd product} {ergonomic}
    uintx NonProfiledCodeHeapSize                  = 122913754                              {pd product} {ergonomic}
    uintx ProfiledCodeHeapSize                     = 122913754                              {pd product} {ergonomic}
    uintx ReservedCodeCacheSize                    = 251658240                              {pd product} {ergonomic}
     bool SegmentedCodeCache                       = true                                      {product} {ergonomic}
     bool UseCompressedClassPointers               = true                                 {lp64_product} {ergonomic}
     bool UseCompressedOops                        = true                                 {lp64_product} {ergonomic}
     bool UseG1GC                                  = true                                      {product} {ergonomic}

Logging:
Log output configuration:
 #0: stdout all=warning uptime,level,tags
 #1: stderr all=off uptime,level,tags

Environment Variables:
PATH=/usr/local/sbin:/usr/local/bin:/usr/sbin:/usr/bin:/sbin:/bin:/usr/games:/usr/local/games:/snap/bin:/snap/bin:/opt/puppetlabs/bin:/home/dam2a/.local/share/JetBrains/Toolbox/scripts
USERNAME=dam2a
SHELL=/bin/bash
DISPLAY=:0
LANG=es_ES.UTF-8

Signal Handlers:
SIGSEGV: [libjvm.so+0xea2e90], sa_mask[0]=11111111011111111101111111111110, sa_flags=SA_RESTART|SA_SIGINFO
SIGBUS: [libjvm.so+0xea2e90], sa_mask[0]=11111111011111111101111111111110, sa_flags=SA_RESTART|SA_SIGINFO
SIGFPE: [libjvm.so+0xea2e90], sa_mask[0]=11111111011111111101111111111110, sa_flags=SA_RESTART|SA_SIGINFO
SIGPIPE: [libjvm.so+0xbe6fe0], sa_mask[0]=11111111011111111101111111111110, sa_flags=SA_RESTART|SA_SIGINFO
SIGXFSZ: [libjvm.so+0xbe6fe0], sa_mask[0]=11111111011111111101111111111110, sa_flags=SA_RESTART|SA_SIGINFO
SIGILL: [libjvm.so+0xea2e90], sa_mask[0]=11111111011111111101111111111110, sa_flags=SA_RESTART|SA_SIGINFO
SIGUSR2: [libjvm.so+0xbe6e80], sa_mask[0]=00100000000000000000000000000000, sa_flags=SA_RESTART|SA_SIGINFO
SIGHUP: SIG_DFL, sa_mask[0]=00000000000000000000000000000000, sa_flags=none
SIGINT: SIG_IGN, sa_mask[0]=00000000000000000000000000000000, sa_flags=none
SIGTERM: SIG_DFL, sa_mask[0]=00000000000000000000000000000000, sa_flags=none
SIGQUIT: SIG_DFL, sa_mask[0]=00000000000000000000000000000000, sa_flags=none


---------------  S Y S T E M  ---------------

OS:DISTRIB_ID=Ubuntu
DISTRIB_RELEASE=22.04
DISTRIB_CODENAME=jammy
DISTRIB_DESCRIPTION="Ubuntu 22.04.1 LTS"
uname:Linux 5.15.0-53-generic #59-Ubuntu SMP Mon Oct 17 18:53:30 UTC 2022 x86_64
OS uptime: 0 days 0:52 hours
libc:glibc 2.35 NPTL 2.35 
rlimit (soft/hard): STACK 8192k/infinity , CORE 0k/infinity , NPROC 63091/63091 , NOFILE 1048576/1048576 , AS infinity/infinity , CPU infinity/infinity , DATA infinity/infinity , FSIZE infinity/infinity , MEMLOCK 2033720k/2033720k
load average:3.85 3.94 2.42

/proc/meminfo:
MemTotal:       16269780 kB
MemFree:         7500596 kB
MemAvailable:   10013604 kB
Buffers:          247312 kB
Cached:          2666940 kB
SwapCached:            0 kB
Active:          1255972 kB
Inactive:        6401328 kB
Active(anon):       6724 kB
Inactive(anon):  4960612 kB
Active(file):    1249248 kB
Inactive(file):  1440716 kB
Unevictable:      176024 kB
Mlocked:              16 kB
SwapTotal:      15999996 kB
SwapFree:       15999996 kB
Dirty:               476 kB
Writeback:             0 kB
AnonPages:       4919508 kB
Mapped:           666300 kB
Shmem:            224092 kB
KReclaimable:     152044 kB
Slab:             424532 kB
SReclaimable:     152044 kB
SUnreclaim:       272488 kB
KernelStack:      315204 kB
PageTables:        71196 kB
NFS_Unstable:          0 kB
Bounce:                0 kB
WritebackTmp:          0 kB
CommitLimit:    24134884 kB
Committed_AS:   28965032 kB
VmallocTotal:   34359738367 kB
VmallocUsed:      345724 kB
VmallocChunk:          0 kB
Percpu:             5264 kB
HardwareCorrupted:     0 kB
AnonHugePages:         0 kB
ShmemHugePages:        0 kB
ShmemPmdMapped:        0 kB
FileHugePages:         0 kB
FilePmdMapped:         0 kB
HugePages_Total:       0
HugePages_Free:        0
HugePages_Rsvd:        0
HugePages_Surp:        0
Hugepagesize:       2048 kB
Hugetlb:               0 kB
DirectMap4k:      382052 kB
DirectMap2M:     9988096 kB
DirectMap1G:     6291456 kB

/sys/kernel/mm/transparent_hugepage/enabled:
always [madvise] never
/sys/kernel/mm/transparent_hugepage/defrag (defrag/compaction efforts parameter):
always defer defer+madvise [madvise] never

Process Memory:
Virtual Size: 4773912K (peak: 4773912K)
Resident Set Size: 15928K (peak: 15928K) (anon: 2312K, file: 13616K, shmem: 0K)
Swapped out: 0K
C-Heap outstanding allocations: 4846K, retained: 185K
glibc malloc tunables: (default)

/proc/sys/kernel/threads-max (system-wide limit on the number of threads):
126182
/proc/sys/vm/max_map_count (maximum number of memory map areas a process may have):
65530
/proc/sys/kernel/pid_max (system-wide limit on number of process identifiers):
4194304

container (cgroup) information:
container_type: cgroupv2
cpu_cpuset_cpus: not supported
cpu_memory_nodes: not supported
active_processor_count: 4
cpu_quota: not supported
cpu_period: not supported
cpu_shares: not supported
memory_limit_in_bytes: unlimited
memory_and_swap_limit_in_bytes: unlimited
memory_soft_limit_in_bytes: unlimited
memory_usage_in_bytes: 4727516 k
memory_max_usage_in_bytes: not supported
maximum number of tasks: 18927
current number of tasks: 18927

Steal ticks since vm start: 0
Steal ticks percentage since vm start:  0.000

CPU:total 4 (initial active 4) (4 cores per cpu, 1 threads per core) family 6 model 158 stepping 9 microcode 0xf0, cmov, cx8, fxsr, mmx, sse, sse2, sse3, ssse3, sse4.1, sse4.2, popcnt, avx, avx2, aes, clmul, erms, 3dnowpref, lzcnt, tsc, tscinvbit, bmi1, bmi2, adx, fma
CPU Model and flags from /proc/cpuinfo:
model name	: Intel(R) Core(TM) i5-7400 CPU @ 3.00GHz
flags		: fpu vme de pse tsc msr pae mce cx8 apic sep mtrr pge mca cmov pat pse36 clflush dts acpi mmx fxsr sse sse2 ss ht tm pbe syscall nx pdpe1gb rdtscp lm constant_tsc art arch_perfmon pebs bts rep_good nopl xtopology nonstop_tsc cpuid aperfmperf pni pclmulqdq dtes64 monitor ds_cpl vmx est tm2 ssse3 sdbg fma cx16 xtpr pdcm pcid sse4_1 sse4_2 x2apic movbe popcnt tsc_deadline_timer aes xsave avx f16c rdrand lahf_lm abm 3dnowprefetch cpuid_fault invpcid_single pti ssbd ibrs ibpb stibp tpr_shadow vnmi flexpriority ept vpid ept_ad fsgsbase tsc_adjust bmi1 avx2 smep bmi2 erms invpcid mpx rdseed adx smap clflushopt intel_pt xsaveopt xsavec xgetbv1 xsaves dtherm ida arat pln pts hwp hwp_notify hwp_act_window hwp_epp md_clear flush_l1d arch_capabilities
Online cpus:
0-3
Offline cpus:

BIOS frequency limitation:
<Not Available>
Frequency switch latency (ns):
0
Available cpu frequencies:
<Not Available>
Current governor:
powersave
Core performance/turbo boost:
<Not Available>

Memory: 4k page, physical 16269780k(7500596k free), swap 15999996k(15999996k free)

vm_info: OpenJDK 64-Bit Server VM (11.0.17+8-post-Ubuntu-1ubuntu222.04) for linux-amd64 JRE (11.0.17+8-post-Ubuntu-1ubuntu222.04), built on Oct 24 2022 16:41:58 by "unknown" with gcc 11.2.0

END.
