#
# There is insufficient memory for the Java Runtime Environment to continue.
# Cannot create worker GC thread. Out of system resources.
# Possible reasons:
#   The system is out of physical RAM or swap space
#   The process is running with CompressedOops enabled, and the Java Heap may be blocking the growth of the native heap
# Possible solutions:
#   Reduce memory load on the system
#   Increase physical memory or swap space
#   Check if swap backing store is full
#   Decrease Java heap size (-Xmx/-Xms)
#   Decrease number of Java threads
#   Decrease Java thread stack sizes (-Xss)
#   Set larger code cache with -XX:ReservedCodeCacheSize=
#   JVM is running with Unscaled Compressed Oops mode in which the Java heap is
#     placed in the first 4GB address space. The Java Heap base address is the
#     maximum limit for the native heap growth. Please use -XX:HeapBaseMinAddress
#     to set the Java Heap base and to place the Java Heap above 4GB virtual address.
# This output file may be truncated or incomplete.
#
#  Out of Memory Error (workerManager.hpp:70), pid=1710488, tid=1710488
#
# JRE version:  (11.0.17+8) (build )
# Java VM: OpenJDK 64-Bit Server VM (11.0.17+8-post-Ubuntu-1ubuntu222.04, mixed mode, sharing, tiered, compressed oops, g1 gc, linux-amd64)
# Core dump will be written. Default location: Core dumps may be processed with "/usr/share/apport/apport -p%p -s%s -c%c -d%d -P%P -u%u -g%g -- %E" (or dumping to /home/dam2a/NetBeansProjects/Exercicio3PSP/core.1710488)
#

---------------  S U M M A R Y ------------

Command Line: -Dfile.encoding=UTF-8 --module-path=/home/dam2a/NetBeansProjects/Exercicio3PSP/build/classes exercicio3psp.Exercicio3PSP

Host: Intel(R) Core(TM) i5-7400 CPU @ 3.00GHz, 4 cores, 15G, Ubuntu 22.04.1 LTS
Time: Fri Nov 25 10:32:47 2022 CET elapsed time: 0.035663 seconds (0d 0h 0m 0s)

---------------  T H R E A D  ---------------

Current thread (0x000055ec3437c000):  JavaThread "Unknown thread" [_thread_in_vm, id=1710488, stack(0x00007ffe76e9c000,0x00007ffe7769b000)]

Stack: [0x00007ffe76e9c000,0x00007ffe7769b000],  sp=0x00007ffe77695e00,  free space=8167k
Native frames: (J=compiled Java code, A=aot compiled Java code, j=interpreted, Vv=VM code, C=native code)
V  [libjvm.so+0xea208a]
V  [libjvm.so+0xea2e31]
V  [libjvm.so+0x67dd9a]
V  [libjvm.so+0xecfe09]
V  [libjvm.so+0x74af65]
V  [libjvm.so+0x73ebee]
V  [libjvm.so+0xe5db56]
V  [libjvm.so+0xe5de1a]
V  [libjvm.so+0x84578c]
V  [libjvm.so+0xe35542]
V  [libjvm.so+0x8ec745]  JNI_CreateJavaVM+0x55
C  [libjli.so+0x4d11]
C  [libjli.so+0xa5d8]
C  [libjli.so+0x6ce1]
C  [libjli.so+0x845f]  JLI_Launch+0x158f
C  [java+0x12b4]


---------------  P R O C E S S  ---------------

Threads class SMR info:
_java_thread_list=0x000055ec34360b10, length=0, elements={
}

Java Threads: ( => current thread )

Other Threads:

=>0x000055ec3437c000 (exited) JavaThread "Unknown thread" [_thread_in_vm, id=1710488, stack(0x00007ffe76e9c000,0x00007ffe7769b000)]

Threads with active compile tasks:

VM state:not at safepoint (not fully initialized)

VM Mutex/Monitor currently owned by a thread: None


[error occurred during error reporting (printing compressed oops mode), id 0xb, SIGSEGV (0xb) at pc=0x00007f9d5210060f]

GC Heap History (0 events):
No events

Deoptimization events (0 events):
No events

Classes redefined (0 events):
No events

Internal exceptions (0 events):
No events

Events (2 events):
Event: 0.015 Protecting memory [0x00007ffe76e9c000,0x00007ffe76ea0000] with protection modes 0
Event: 0.015 Loaded shared library /usr/lib/jvm/java-11-openjdk-amd64/lib/libzip.so


Dynamic libraries:
55ec34180000-55ec34181000 r--p 00000000 08:02 5505253                    /usr/lib/jvm/java-11-openjdk-amd64/bin/java
55ec34181000-55ec34182000 r-xp 00001000 08:02 5505253                    /usr/lib/jvm/java-11-openjdk-amd64/bin/java
55ec34182000-55ec34183000 r--p 00002000 08:02 5505253                    /usr/lib/jvm/java-11-openjdk-amd64/bin/java
55ec34183000-55ec34184000 r--p 00002000 08:02 5505253                    /usr/lib/jvm/java-11-openjdk-amd64/bin/java
55ec34184000-55ec34185000 rw-p 00003000 08:02 5505253                    /usr/lib/jvm/java-11-openjdk-amd64/bin/java
55ec34348000-55ec343bd000 rw-p 00000000 00:00 0                          [heap]
7f9d39165000-7f9d39166000 ---p 00000000 00:00 0 
7f9d39166000-7f9d3926c000 rw-p 00000000 00:00 0 
7f9d3926c000-7f9d39352000 ---p 00000000 00:00 0 
7f9d39352000-7f9d39357000 rw-p 00000000 00:00 0 
7f9d39357000-7f9d3943d000 ---p 00000000 00:00 0 
7f9d3943d000-7f9d396ad000 rwxp 00000000 00:00 0 
7f9d396ad000-7f9d399cd000 ---p 00000000 00:00 0 
7f9d399cd000-7f9d39c3d000 rwxp 00000000 00:00 0 
7f9d39c3d000-7f9d40f05000 ---p 00000000 00:00 0 
7f9d40f05000-7f9d41175000 rwxp 00000000 00:00 0 
7f9d41175000-7f9d4843d000 ---p 00000000 00:00 0 
7f9d4843d000-7f9d48440000 r--p 00000000 08:02 5259696                    /lib/x86_64-linux-gnu/libresolv.so.2
7f9d48440000-7f9d4844a000 r-xp 00003000 08:02 5259696                    /lib/x86_64-linux-gnu/libresolv.so.2
7f9d4844a000-7f9d4844d000 r--p 0000d000 08:02 5259696                    /lib/x86_64-linux-gnu/libresolv.so.2
7f9d4844d000-7f9d4844e000 r--p 0000f000 08:02 5259696                    /lib/x86_64-linux-gnu/libresolv.so.2
7f9d4844e000-7f9d4844f000 rw-p 00010000 08:02 5259696                    /lib/x86_64-linux-gnu/libresolv.so.2
7f9d4844f000-7f9d48451000 rw-p 00000000 00:00 0 
7f9d48451000-7f9d48453000 r--p 00000000 08:02 5243402                    /lib/x86_64-linux-gnu/libkeyutils.so.1.9
7f9d48453000-7f9d48455000 r-xp 00002000 08:02 5243402                    /lib/x86_64-linux-gnu/libkeyutils.so.1.9
7f9d48455000-7f9d48456000 r--p 00004000 08:02 5243402                    /lib/x86_64-linux-gnu/libkeyutils.so.1.9
7f9d48456000-7f9d48457000 r--p 00004000 08:02 5243402                    /lib/x86_64-linux-gnu/libkeyutils.so.1.9
7f9d48457000-7f9d48458000 rw-p 00005000 08:02 5243402                    /lib/x86_64-linux-gnu/libkeyutils.so.1.9
7f9d48458000-7f9d4845b000 r--p 00000000 08:02 4981906                    /usr/lib/x86_64-linux-gnu/libkrb5support.so.0.1
7f9d4845b000-7f9d48461000 r-xp 00003000 08:02 4981906                    /usr/lib/x86_64-linux-gnu/libkrb5support.so.0.1
7f9d48461000-7f9d48463000 r--p 00009000 08:02 4981906                    /usr/lib/x86_64-linux-gnu/libkrb5support.so.0.1
7f9d48463000-7f9d48464000 ---p 0000b000 08:02 4981906                    /usr/lib/x86_64-linux-gnu/libkrb5support.so.0.1
7f9d48464000-7f9d48465000 r--p 0000b000 08:02 4981906                    /usr/lib/x86_64-linux-gnu/libkrb5support.so.0.1
7f9d48465000-7f9d48466000 rw-p 0000c000 08:02 4981906                    /usr/lib/x86_64-linux-gnu/libkrb5support.so.0.1
7f9d48466000-7f9d48468000 r--p 00000000 08:02 5243364                    /lib/x86_64-linux-gnu/libcom_err.so.2.1
7f9d48468000-7f9d48469000 r-xp 00002000 08:02 5243364                    /lib/x86_64-linux-gnu/libcom_err.so.2.1
7f9d48469000-7f9d4846a000 r--p 00003000 08:02 5243364                    /lib/x86_64-linux-gnu/libcom_err.so.2.1
7f9d4846a000-7f9d4846b000 r--p 00003000 08:02 5243364                    /lib/x86_64-linux-gnu/libcom_err.so.2.1
7f9d4846b000-7f9d4846c000 rw-p 00004000 08:02 5243364                    /lib/x86_64-linux-gnu/libcom_err.so.2.1
7f9d4846c000-7f9d48470000 r--p 00000000 08:02 4981949                    /usr/lib/x86_64-linux-gnu/libk5crypto.so.3.1
7f9d48470000-7f9d4848b000 r-xp 00004000 08:02 4981949                    /usr/lib/x86_64-linux-gnu/libk5crypto.so.3.1
7f9d4848b000-7f9d48497000 r--p 0001f000 08:02 4981949                    /usr/lib/x86_64-linux-gnu/libk5crypto.so.3.1
7f9d48497000-7f9d48498000 ---p 0002b000 08:02 4981949                    /usr/lib/x86_64-linux-gnu/libk5crypto.so.3.1
7f9d48498000-7f9d48499000 r--p 0002b000 08:02 4981949                    /usr/lib/x86_64-linux-gnu/libk5crypto.so.3.1
7f9d48499000-7f9d4849a000 rw-p 0002c000 08:02 4981949                    /usr/lib/x86_64-linux-gnu/libk5crypto.so.3.1
7f9d4849a000-7f9d4849b000 rw-p 00000000 00:00 0 
7f9d4849b000-7f9d484bc000 r--p 00000000 08:02 4981951                    /usr/lib/x86_64-linux-gnu/libkrb5.so.3.3
7f9d484bc000-7f9d48519000 r-xp 00021000 08:02 4981951                    /usr/lib/x86_64-linux-gnu/libkrb5.so.3.3
7f9d48519000-7f9d48556000 r--p 0007e000 08:02 4981951                    /usr/lib/x86_64-linux-gnu/libkrb5.so.3.3
7f9d48556000-7f9d48557000 ---p 000bb000 08:02 4981951                    /usr/lib/x86_64-linux-gnu/libkrb5.so.3.3
7f9d48557000-7f9d48564000 r--p 000bb000 08:02 4981951                    /usr/lib/x86_64-linux-gnu/libkrb5.so.3.3
7f9d48564000-7f9d48566000 rw-p 000c8000 08:02 4981951                    /usr/lib/x86_64-linux-gnu/libkrb5.so.3.3
7f9d48566000-7f9d48571000 r--p 00000000 08:02 4981567                    /usr/lib/x86_64-linux-gnu/libgssapi_krb5.so.2.2
7f9d48571000-7f9d485a9000 r-xp 0000b000 08:02 4981567                    /usr/lib/x86_64-linux-gnu/libgssapi_krb5.so.2.2
7f9d485a9000-7f9d485b5000 r--p 00043000 08:02 4981567                    /usr/lib/x86_64-linux-gnu/libgssapi_krb5.so.2.2
7f9d485b5000-7f9d485b6000 ---p 0004f000 08:02 4981567                    /usr/lib/x86_64-linux-gnu/libgssapi_krb5.so.2.2
7f9d485b6000-7f9d485b8000 r--p 0004f000 08:02 4981567                    /usr/lib/x86_64-linux-gnu/libgssapi_krb5.so.2.2
7f9d485b8000-7f9d485ba000 rw-p 00051000 08:02 4981567                    /usr/lib/x86_64-linux-gnu/libgssapi_krb5.so.2.2
7f9d485ba000-7f9d485c1000 r--p 00000000 08:02 5244077                    /lib/x86_64-linux-gnu/libtirpc.so.3.0.0
7f9d485c1000-7f9d485dc000 r-xp 00007000 08:02 5244077                    /lib/x86_64-linux-gnu/libtirpc.so.3.0.0
7f9d485dc000-7f9d485e5000 r--p 00022000 08:02 5244077                    /lib/x86_64-linux-gnu/libtirpc.so.3.0.0
7f9d485e5000-7f9d485e6000 ---p 0002b000 08:02 5244077                    /lib/x86_64-linux-gnu/libtirpc.so.3.0.0
7f9d485e6000-7f9d485e7000 r--p 0002b000 08:02 5244077                    /lib/x86_64-linux-gnu/libtirpc.so.3.0.0
7f9d485e7000-7f9d485e8000 rw-p 0002c000 08:02 5244077                    /lib/x86_64-linux-gnu/libtirpc.so.3.0.0
7f9d485e8000-7f9d485ec000 r--p 00000000 08:02 4982967                    /usr/lib/x86_64-linux-gnu/libnsl.so.2.0.1
7f9d485ec000-7f9d485fa000 r-xp 00004000 08:02 4982967                    /usr/lib/x86_64-linux-gnu/libnsl.so.2.0.1
7f9d485fa000-7f9d485fe000 r--p 00012000 08:02 4982967                    /usr/lib/x86_64-linux-gnu/libnsl.so.2.0.1
7f9d485fe000-7f9d485ff000 r--p 00015000 08:02 4982967                    /usr/lib/x86_64-linux-gnu/libnsl.so.2.0.1
7f9d485ff000-7f9d48600000 rw-p 00016000 08:02 4982967                    /usr/lib/x86_64-linux-gnu/libnsl.so.2.0.1
7f9d48600000-7f9d48602000 rw-p 00000000 00:00 0 
7f9d48602000-7f9d48604000 r--p 00000000 08:02 5244081                    /lib/x86_64-linux-gnu/libnss_nis.so.2.0.0
7f9d48604000-7f9d4860d000 r-xp 00002000 08:02 5244081                    /lib/x86_64-linux-gnu/libnss_nis.so.2.0.0
7f9d4860d000-7f9d4860f000 r--p 0000b000 08:02 5244081                    /lib/x86_64-linux-gnu/libnss_nis.so.2.0.0
7f9d4860f000-7f9d48610000 r--p 0000c000 08:02 5244081                    /lib/x86_64-linux-gnu/libnss_nis.so.2.0.0
7f9d48610000-7f9d48611000 rw-p 0000d000 08:02 5244081                    /lib/x86_64-linux-gnu/libnss_nis.so.2.0.0
7f9d48611000-7f9d48613000 r--p 00000000 08:02 5259685                    /lib/x86_64-linux-gnu/libnss_compat.so.2
7f9d48613000-7f9d4861a000 r-xp 00002000 08:02 5259685                    /lib/x86_64-linux-gnu/libnss_compat.so.2
7f9d4861a000-7f9d4861b000 r--p 00009000 08:02 5259685                    /lib/x86_64-linux-gnu/libnss_compat.so.2
7f9d4861b000-7f9d4861c000 r--p 00009000 08:02 5259685                    /lib/x86_64-linux-gnu/libnss_compat.so.2
7f9d4861c000-7f9d4861d000 rw-p 0000a000 08:02 5259685                    /lib/x86_64-linux-gnu/libnss_compat.so.2
7f9d4861f000-7f9d48624000 rw-p 00000000 00:00 0 
7f9d48624000-7f9d4862b000 ---p 00000000 00:00 0 
7f9d4862b000-7f9d4862d000 r--p 00000000 08:02 5404148                    /usr/lib/jvm/java-11-openjdk-amd64/lib/libzip.so
7f9d4862d000-7f9d48632000 r-xp 00002000 08:02 5404148                    /usr/lib/jvm/java-11-openjdk-amd64/lib/libzip.so
7f9d48632000-7f9d48634000 r--p 00007000 08:02 5404148                    /usr/lib/jvm/java-11-openjdk-amd64/lib/libzip.so
7f9d48634000-7f9d48635000 r--p 00008000 08:02 5404148                    /usr/lib/jvm/java-11-openjdk-amd64/lib/libzip.so
7f9d48635000-7f9d48636000 rw-p 00009000 08:02 5404148                    /usr/lib/jvm/java-11-openjdk-amd64/lib/libzip.so
7f9d48636000-7f9d4863e000 rw-s 00000000 08:02 3550414                    /tmp/hsperfdata_dam2a/1710488
7f9d4863e000-7f9d50e41000 r--s 00000000 08:02 5404149                    /usr/lib/jvm/java-11-openjdk-amd64/lib/modules
7f9d50e41000-7f9d50e4e000 r--p 00000000 08:02 5404128                    /usr/lib/jvm/java-11-openjdk-amd64/lib/libjava.so
7f9d50e4e000-7f9d50e64000 r-xp 0000d000 08:02 5404128                    /usr/lib/jvm/java-11-openjdk-amd64/lib/libjava.so
7f9d50e64000-7f9d50e6b000 r--p 00023000 08:02 5404128                    /usr/lib/jvm/java-11-openjdk-amd64/lib/libjava.so
7f9d50e6b000-7f9d50e6c000 r--p 00029000 08:02 5404128                    /usr/lib/jvm/java-11-openjdk-amd64/lib/libjava.so
7f9d50e6c000-7f9d50e6d000 rw-p 0002a000 08:02 5404128                    /usr/lib/jvm/java-11-openjdk-amd64/lib/libjava.so
7f9d50e6d000-7f9d50e6e000 rw-p 00000000 00:00 0 
7f9d50e6e000-7f9d50e6f000 r--p 00000000 08:02 5259698                    /lib/x86_64-linux-gnu/librt.so.1
7f9d50e6f000-7f9d50e70000 r-xp 00001000 08:02 5259698                    /lib/x86_64-linux-gnu/librt.so.1
7f9d50e70000-7f9d50e71000 r--p 00002000 08:02 5259698                    /lib/x86_64-linux-gnu/librt.so.1
7f9d50e71000-7f9d50e72000 r--p 00002000 08:02 5259698                    /lib/x86_64-linux-gnu/librt.so.1
7f9d50e72000-7f9d50e73000 rw-p 00003000 08:02 5259698                    /lib/x86_64-linux-gnu/librt.so.1
7f9d50e73000-7f9d50f73000 rw-p 00000000 00:00 0 
7f9d50f73000-7f9d50f76000 r--p 00000000 08:02 5242960                    /lib/x86_64-linux-gnu/libgcc_s.so.1
7f9d50f76000-7f9d50f8d000 r-xp 00003000 08:02 5242960                    /lib/x86_64-linux-gnu/libgcc_s.so.1
7f9d50f8d000-7f9d50f91000 r--p 0001a000 08:02 5242960                    /lib/x86_64-linux-gnu/libgcc_s.so.1
7f9d50f91000-7f9d50f92000 r--p 0001d000 08:02 5242960                    /lib/x86_64-linux-gnu/libgcc_s.so.1
7f9d50f92000-7f9d50f93000 rw-p 0001e000 08:02 5242960                    /lib/x86_64-linux-gnu/libgcc_s.so.1
7f9d50f93000-7f9d50fa1000 r--p 00000000 08:02 5245697                    /lib/x86_64-linux-gnu/libm.so.6
7f9d50fa1000-7f9d5101d000 r-xp 0000e000 08:02 5245697                    /lib/x86_64-linux-gnu/libm.so.6
7f9d5101d000-7f9d51078000 r--p 0008a000 08:02 5245697                    /lib/x86_64-linux-gnu/libm.so.6
7f9d51078000-7f9d51079000 r--p 000e4000 08:02 5245697                    /lib/x86_64-linux-gnu/libm.so.6
7f9d51079000-7f9d5107a000 rw-p 000e5000 08:02 5245697                    /lib/x86_64-linux-gnu/libm.so.6
7f9d5107a000-7f9d51114000 r--p 00000000 08:02 5003425                    /usr/lib/x86_64-linux-gnu/libstdc++.so.6.0.30
7f9d51114000-7f9d51224000 r-xp 0009a000 08:02 5003425                    /usr/lib/x86_64-linux-gnu/libstdc++.so.6.0.30
7f9d51224000-7f9d51293000 r--p 001aa000 08:02 5003425                    /usr/lib/x86_64-linux-gnu/libstdc++.so.6.0.30
7f9d51293000-7f9d5129e000 r--p 00218000 08:02 5003425                    /usr/lib/x86_64-linux-gnu/libstdc++.so.6.0.30
7f9d5129e000-7f9d512a1000 rw-p 00223000 08:02 5003425                    /usr/lib/x86_64-linux-gnu/libstdc++.so.6.0.30
7f9d512a1000-7f9d512a4000 rw-p 00000000 00:00 0 
7f9d512a4000-7f9d51526000 r--p 00000000 08:02 5404152                    /usr/lib/jvm/java-11-openjdk-amd64/lib/server/libjvm.so
7f9d51526000-7f9d521b9000 r-xp 00282000 08:02 5404152                    /usr/lib/jvm/java-11-openjdk-amd64/lib/server/libjvm.so
7f9d521b9000-7f9d52413000 r--p 00f15000 08:02 5404152                    /usr/lib/jvm/java-11-openjdk-amd64/lib/server/libjvm.so
7f9d52413000-7f9d524d7000 r--p 0116e000 08:02 5404152                    /usr/lib/jvm/java-11-openjdk-amd64/lib/server/libjvm.so
7f9d524d7000-7f9d52512000 rw-p 01232000 08:02 5404152                    /usr/lib/jvm/java-11-openjdk-amd64/lib/server/libjvm.so
7f9d52512000-7f9d5256b000 rw-p 00000000 00:00 0 
7f9d5256b000-7f9d5256d000 r--p 00000000 08:02 5243380                    /lib/x86_64-linux-gnu/libz.so.1.2.11
7f9d5256d000-7f9d5257e000 r-xp 00002000 08:02 5243380                    /lib/x86_64-linux-gnu/libz.so.1.2.11
7f9d5257e000-7f9d52584000 r--p 00013000 08:02 5243380                    /lib/x86_64-linux-gnu/libz.so.1.2.11
7f9d52584000-7f9d52585000 ---p 00019000 08:02 5243380                    /lib/x86_64-linux-gnu/libz.so.1.2.11
7f9d52585000-7f9d52586000 r--p 00019000 08:02 5243380                    /lib/x86_64-linux-gnu/libz.so.1.2.11
7f9d52586000-7f9d52587000 rw-p 0001a000 08:02 5243380                    /lib/x86_64-linux-gnu/libz.so.1.2.11
7f9d52587000-7f9d525af000 r--p 00000000 08:02 5244585                    /lib/x86_64-linux-gnu/libc.so.6
7f9d525af000-7f9d52744000 r-xp 00028000 08:02 5244585                    /lib/x86_64-linux-gnu/libc.so.6
7f9d52744000-7f9d5279c000 r--p 001bd000 08:02 5244585                    /lib/x86_64-linux-gnu/libc.so.6
7f9d5279c000-7f9d527a0000 r--p 00214000 08:02 5244585                    /lib/x86_64-linux-gnu/libc.so.6
7f9d527a0000-7f9d527a2000 rw-p 00218000 08:02 5244585                    /lib/x86_64-linux-gnu/libc.so.6
7f9d527a2000-7f9d527af000 rw-p 00000000 00:00 0 
7f9d527b2000-7f9d527b4000 r--s 0000c000 08:02 5641121                    /usr/share/java/java-atk-wrapper.jar
7f9d527b4000-7f9d527b5000 ---p 00000000 00:00 0 
7f9d527b5000-7f9d527b6000 r--p 00000000 00:00 0 
7f9d527b6000-7f9d527b8000 r--p 00000000 08:02 5404131                    /usr/lib/jvm/java-11-openjdk-amd64/lib/libjimage.so
7f9d527b8000-7f9d527bb000 r-xp 00002000 08:02 5404131                    /usr/lib/jvm/java-11-openjdk-amd64/lib/libjimage.so
7f9d527bb000-7f9d527bc000 r--p 00005000 08:02 5404131                    /usr/lib/jvm/java-11-openjdk-amd64/lib/libjimage.so
7f9d527bc000-7f9d527bd000 ---p 00006000 08:02 5404131                    /usr/lib/jvm/java-11-openjdk-amd64/lib/libjimage.so
7f9d527bd000-7f9d527be000 r--p 00006000 08:02 5404131                    /usr/lib/jvm/java-11-openjdk-amd64/lib/libjimage.so
7f9d527be000-7f9d527bf000 rw-p 00007000 08:02 5404131                    /usr/lib/jvm/java-11-openjdk-amd64/lib/libjimage.so
7f9d527bf000-7f9d527c4000 r--p 00000000 08:02 5404147                    /usr/lib/jvm/java-11-openjdk-amd64/lib/libverify.so
7f9d527c4000-7f9d527cb000 r-xp 00005000 08:02 5404147                    /usr/lib/jvm/java-11-openjdk-amd64/lib/libverify.so
7f9d527cb000-7f9d527cd000 r--p 0000c000 08:02 5404147                    /usr/lib/jvm/java-11-openjdk-amd64/lib/libverify.so
7f9d527cd000-7f9d527cf000 r--p 0000d000 08:02 5404147                    /usr/lib/jvm/java-11-openjdk-amd64/lib/libverify.so
7f9d527cf000-7f9d527d0000 rw-p 0000f000 08:02 5404147                    /usr/lib/jvm/java-11-openjdk-amd64/lib/libverify.so
7f9d527d0000-7f9d527d3000 r--p 00000000 08:02 5637953                    /usr/lib/jvm/java-11-openjdk-amd64/lib/jli/libjli.so
7f9d527d3000-7f9d527dd000 r-xp 00003000 08:02 5637953                    /usr/lib/jvm/java-11-openjdk-amd64/lib/jli/libjli.so
7f9d527dd000-7f9d527e0000 r--p 0000d000 08:02 5637953                    /usr/lib/jvm/java-11-openjdk-amd64/lib/jli/libjli.so
7f9d527e0000-7f9d527e1000 ---p 00010000 08:02 5637953                    /usr/lib/jvm/java-11-openjdk-amd64/lib/jli/libjli.so
7f9d527e1000-7f9d527e2000 r--p 00010000 08:02 5637953                    /usr/lib/jvm/java-11-openjdk-amd64/lib/jli/libjli.so
7f9d527e2000-7f9d527e3000 rw-p 00011000 08:02 5637953                    /usr/lib/jvm/java-11-openjdk-amd64/lib/jli/libjli.so
7f9d527e3000-7f9d527e5000 rw-p 00000000 00:00 0 
7f9d527e5000-7f9d527e7000 r--p 00000000 08:02 5244080                    /lib/x86_64-linux-gnu/ld-linux-x86-64.so.2
7f9d527e7000-7f9d52811000 r-xp 00002000 08:02 5244080                    /lib/x86_64-linux-gnu/ld-linux-x86-64.so.2
7f9d52811000-7f9d5281c000 r--p 0002c000 08:02 5244080                    /lib/x86_64-linux-gnu/ld-linux-x86-64.so.2
7f9d5281d000-7f9d5281f000 r--p 00037000 08:02 5244080                    /lib/x86_64-linux-gnu/ld-linux-x86-64.so.2
7f9d5281f000-7f9d52821000 rw-p 00039000 08:02 5244080                    /lib/x86_64-linux-gnu/ld-linux-x86-64.so.2
7ffe76e9c000-7ffe76ea0000 ---p 00000000 00:00 0 
7ffe7767b000-7ffe7769c000 rw-p 00000000 00:00 0                          [stack]
7ffe777b6000-7ffe777ba000 r--p 00000000 00:00 0                          [vvar]
7ffe777ba000-7ffe777bc000 r-xp 00000000 00:00 0                          [vdso]
ffffffffff600000-ffffffffff601000 --xp 00000000 00:00 0                  [vsyscall]


VM Arguments:
jvm_args: -Dfile.encoding=UTF-8 --module-path=/home/dam2a/NetBeansProjects/Exercicio3PSP/build/classes 
java_command: exercicio3psp.Exercicio3PSP
java_class_path (initial): /home/dam2a/NetBeansProjects/Exercicio3PSP/build/classes
Launcher Type: SUN_STANDARD

[Global flags]
     intx CICompilerCount                          = 3                                         {product} {ergonomic}
     uint G1ConcRefinementThreads                  = 4                                         {product} {ergonomic}
   size_t G1HeapRegionSize                         = 1048576                                   {product} {ergonomic}
    uintx GCDrainStackTargetSize                   = 64                                        {product} {ergonomic}
   size_t InitialHeapSize                          = 262144000                                 {product} {ergonomic}
   size_t MaxHeapSize                              = 4167041024                                {product} {ergonomic}
   size_t MinHeapDeltaBytes                        = 1048576                                   {product} {ergonomic}
    uintx NonNMethodCodeHeapSize                   = 5830732                                {pd product} {ergonomic}
    uintx NonProfiledCodeHeapSize                  = 122913754                              {pd product} {ergonomic}
    uintx ProfiledCodeHeapSize                     = 122913754                              {pd product} {ergonomic}
    uintx ReservedCodeCacheSize                    = 251658240                              {pd product} {ergonomic}
     bool SegmentedCodeCache                       = true                                      {product} {ergonomic}
     bool UseCompressedClassPointers               = true                                 {lp64_product} {ergonomic}
     bool UseCompressedOops                        = true                                 {lp64_product} {ergonomic}
     bool UseG1GC                                  = true                                      {product} {ergonomic}

Logging:
Log output configuration:
 #0: stdout all=warning uptime,level,tags
 #1: stderr all=off uptime,level,tags

Environment Variables:
PATH=/usr/local/sbin:/usr/local/bin:/usr/sbin:/usr/bin:/sbin:/bin:/usr/games:/usr/local/games:/snap/bin:/snap/bin:/opt/puppetlabs/bin:/home/dam2a/.local/share/JetBrains/Toolbox/scripts
USERNAME=dam2a
SHELL=/bin/bash
DISPLAY=:0
LANG=es_ES.UTF-8

Signal Handlers:
SIGSEGV: [libjvm.so+0xea2e90], sa_mask[0]=11111111011111111101111111111110, sa_flags=SA_RESTART|SA_SIGINFO
SIGBUS: [libjvm.so+0xea2e90], sa_mask[0]=11111111011111111101111111111110, sa_flags=SA_RESTART|SA_SIGINFO
SIGFPE: [libjvm.so+0xea2e90], sa_mask[0]=11111111011111111101111111111110, sa_flags=SA_RESTART|SA_SIGINFO
SIGPIPE: [libjvm.so+0xbe6fe0], sa_mask[0]=11111111011111111101111111111110, sa_flags=SA_RESTART|SA_SIGINFO
SIGXFSZ: [libjvm.so+0xbe6fe0], sa_mask[0]=11111111011111111101111111111110, sa_flags=SA_RESTART|SA_SIGINFO
SIGILL: [libjvm.so+0xea2e90], sa_mask[0]=11111111011111111101111111111110, sa_flags=SA_RESTART|SA_SIGINFO
SIGUSR2: [libjvm.so+0xbe6e80], sa_mask[0]=00100000000000000000000000000000, sa_flags=SA_RESTART|SA_SIGINFO
SIGHUP: SIG_DFL, sa_mask[0]=00000000000000000000000000000000, sa_flags=none
SIGINT: SIG_IGN, sa_mask[0]=00000000000000000000000000000000, sa_flags=none
SIGTERM: SIG_DFL, sa_mask[0]=00000000000000000000000000000000, sa_flags=none
SIGQUIT: SIG_DFL, sa_mask[0]=00000000000000000000000000000000, sa_flags=none


---------------  S Y S T E M  ---------------

OS:DISTRIB_ID=Ubuntu
DISTRIB_RELEASE=22.04
DISTRIB_CODENAME=jammy
DISTRIB_DESCRIPTION="Ubuntu 22.04.1 LTS"
uname:Linux 5.15.0-53-generic #59-Ubuntu SMP Mon Oct 17 18:53:30 UTC 2022 x86_64
OS uptime: 0 days 0:48 hours
libc:glibc 2.35 NPTL 2.35 
rlimit (soft/hard): STACK 8192k/infinity , CORE 0k/infinity , NPROC 63091/63091 , NOFILE 1048576/1048576 , AS infinity/infinity , CPU infinity/infinity , DATA infinity/infinity , FSIZE infinity/infinity , MEMLOCK 2033720k/2033720k
load average:4.43 2.96 1.66

/proc/meminfo:
MemTotal:       16269780 kB
MemFree:         7458236 kB
MemAvailable:   10030000 kB
Buffers:          245600 kB
Cached:          2725912 kB
SwapCached:            0 kB
Active:          1314192 kB
Inactive:        6392384 kB
Active(anon):       6724 kB
Inactive(anon):  4951708 kB
Active(file):    1307468 kB
Inactive(file):  1440676 kB
Unevictable:      175496 kB
Mlocked:              16 kB
SwapTotal:      15999996 kB
SwapFree:       15999996 kB
Dirty:               620 kB
Writeback:             0 kB
AnonPages:       4910624 kB
Mapped:           666660 kB
Shmem:            223368 kB
KReclaimable:     153200 kB
Slab:             425304 kB
SReclaimable:     153200 kB
SUnreclaim:       272104 kB
KernelStack:      315260 kB
PageTables:        72168 kB
NFS_Unstable:          0 kB
Bounce:                0 kB
WritebackTmp:          0 kB
CommitLimit:    24134884 kB
Committed_AS:   28953236 kB
VmallocTotal:   34359738367 kB
VmallocUsed:      345692 kB
VmallocChunk:          0 kB
Percpu:             5264 kB
HardwareCorrupted:     0 kB
AnonHugePages:         0 kB
ShmemHugePages:        0 kB
ShmemPmdMapped:        0 kB
FileHugePages:         0 kB
FilePmdMapped:         0 kB
HugePages_Total:       0
HugePages_Free:        0
HugePages_Rsvd:        0
HugePages_Surp:        0
Hugepagesize:       2048 kB
Hugetlb:               0 kB
DirectMap4k:      382052 kB
DirectMap2M:     9988096 kB
DirectMap1G:     6291456 kB

/sys/kernel/mm/transparent_hugepage/enabled:
always [madvise] never
/sys/kernel/mm/transparent_hugepage/defrag (defrag/compaction efforts parameter):
always defer defer+madvise [madvise] never

Process Memory:
Virtual Size: 417132K (peak: 417132K)
Resident Set Size: 16040K (peak: 16040K) (anon: 2028K, file: 14012K, shmem: 0K)
Swapped out: 0K
C-Heap outstanding allocations: 350K, retained: 117K
glibc malloc tunables: (default)

/proc/sys/kernel/threads-max (system-wide limit on the number of threads):
126182
/proc/sys/vm/max_map_count (maximum number of memory map areas a process may have):
65530
/proc/sys/kernel/pid_max (system-wide limit on number of process identifiers):
4194304

container (cgroup) information:
container_type: cgroupv2
cpu_cpuset_cpus: not supported
cpu_memory_nodes: not supported
active_processor_count: 4
cpu_quota: not supported
cpu_period: not supported
cpu_shares: not supported
memory_limit_in_bytes: unlimited
memory_and_swap_limit_in_bytes: unlimited
memory_soft_limit_in_bytes: unlimited
memory_usage_in_bytes: 4780144 k
memory_max_usage_in_bytes: not supported
maximum number of tasks: 18927
current number of tasks: 18927

Steal ticks since vm start: 0
Steal ticks percentage since vm start:  0.000

CPU:total 4 (initial active 4) (4 cores per cpu, 1 threads per core) family 6 model 158 stepping 9 microcode 0xf0, cmov, cx8, fxsr, mmx, sse, sse2, sse3, ssse3, sse4.1, sse4.2, popcnt, avx, avx2, aes, clmul, erms, 3dnowpref, lzcnt, tsc, tscinvbit, bmi1, bmi2, adx, fma
CPU Model and flags from /proc/cpuinfo:
model name	: Intel(R) Core(TM) i5-7400 CPU @ 3.00GHz
flags		: fpu vme de pse tsc msr pae mce cx8 apic sep mtrr pge mca cmov pat pse36 clflush dts acpi mmx fxsr sse sse2 ss ht tm pbe syscall nx pdpe1gb rdtscp lm constant_tsc art arch_perfmon pebs bts rep_good nopl xtopology nonstop_tsc cpuid aperfmperf pni pclmulqdq dtes64 monitor ds_cpl vmx est tm2 ssse3 sdbg fma cx16 xtpr pdcm pcid sse4_1 sse4_2 x2apic movbe popcnt tsc_deadline_timer aes xsave avx f16c rdrand lahf_lm abm 3dnowprefetch cpuid_fault invpcid_single pti ssbd ibrs ibpb stibp tpr_shadow vnmi flexpriority ept vpid ept_ad fsgsbase tsc_adjust bmi1 avx2 smep bmi2 erms invpcid mpx rdseed adx smap clflushopt intel_pt xsaveopt xsavec xgetbv1 xsaves dtherm ida arat pln pts hwp hwp_notify hwp_act_window hwp_epp md_clear flush_l1d arch_capabilities
Online cpus:
0-3
Offline cpus:

BIOS frequency limitation:
<Not Available>
Frequency switch latency (ns):
0
Available cpu frequencies:
<Not Available>
Current governor:
powersave
Core performance/turbo boost:
<Not Available>

Memory: 4k page, physical 16269780k(7458236k free), swap 15999996k(15999996k free)

vm_info: OpenJDK 64-Bit Server VM (11.0.17+8-post-Ubuntu-1ubuntu222.04) for linux-amd64 JRE (11.0.17+8-post-Ubuntu-1ubuntu222.04), built on Oct 24 2022 16:41:58 by "unknown" with gcc 11.2.0

END.
