#
# There is insufficient memory for the Java Runtime Environment to continue.
# Cannot create worker GC thread. Out of system resources.
# Possible reasons:
#   The system is out of physical RAM or swap space
#   The process is running with CompressedOops enabled, and the Java Heap may be blocking the growth of the native heap
# Possible solutions:
#   Reduce memory load on the system
#   Increase physical memory or swap space
#   Check if swap backing store is full
#   Decrease Java heap size (-Xmx/-Xms)
#   Decrease number of Java threads
#   Decrease Java thread stack sizes (-Xss)
#   Set larger code cache with -XX:ReservedCodeCacheSize=
#   JVM is running with Unscaled Compressed Oops mode in which the Java heap is
#     placed in the first 4GB address space. The Java Heap base address is the
#     maximum limit for the native heap growth. Please use -XX:HeapBaseMinAddress
#     to set the Java Heap base and to place the Java Heap above 4GB virtual address.
# This output file may be truncated or incomplete.
#
#  Out of Memory Error (workerManager.hpp:70), pid=2337167, tid=2337174
#
# JRE version:  (11.0.17+8) (build )
# Java VM: OpenJDK 64-Bit Server VM (11.0.17+8-post-Ubuntu-1ubuntu222.04, mixed mode, sharing, tiered, compressed oops, g1 gc, linux-amd64)
# Core dump will be written. Default location: Core dumps may be processed with "/usr/share/apport/apport -p%p -s%s -c%c -d%d -P%P -u%u -g%g -- %E" (or dumping to /home/dam2a/NetBeansProjects/Exercicio2PSP/core.2337167)
#

---------------  S U M M A R Y ------------

Command Line: -Dfile.encoding=UTF-8 --module-path=/home/dam2a/NetBeansProjects/Exercicio2PSP/build/classes exercicio2psp.Exercicio2PSP

Host: Intel(R) Core(TM) i5-7400 CPU @ 3.00GHz, 4 cores, 15G, Ubuntu 22.04.1 LTS
Time: Fri Nov 25 10:47:55 2022 CET elapsed time: 0.060166 seconds (0d 0h 0m 0s)

---------------  T H R E A D  ---------------

Current thread (0x00007fbd9001c000):  JavaThread "Unknown thread" [_thread_in_vm, id=2337174, stack(0x00007fbd953c9000,0x00007fbd954c9000)]

Stack: [0x00007fbd953c9000,0x00007fbd954c9000],  sp=0x00007fbd954c7560,  free space=1017k
Native frames: (J=compiled Java code, A=aot compiled Java code, j=interpreted, Vv=VM code, C=native code)
V  [libjvm.so+0xea208a]
V  [libjvm.so+0xea2e31]
V  [libjvm.so+0x67dd9a]
V  [libjvm.so+0xecfe09]
V  [libjvm.so+0x74af65]
V  [libjvm.so+0x73ebee]
V  [libjvm.so+0xe5db56]
V  [libjvm.so+0xe5de1a]
V  [libjvm.so+0x84578c]
V  [libjvm.so+0xe35542]
V  [libjvm.so+0x8ec745]  JNI_CreateJavaVM+0x55
C  [libjli.so+0x4d11]
C  [libjli.so+0x998d]


---------------  P R O C E S S  ---------------

Threads class SMR info:
_java_thread_list=0x0000559ccd1b3b10, length=0, elements={
}

Java Threads: ( => current thread )

Other Threads:

=>0x00007fbd9001c000 (exited) JavaThread "Unknown thread" [_thread_in_vm, id=2337174, stack(0x00007fbd953c9000,0x00007fbd954c9000)]

Threads with active compile tasks:

VM state:not at safepoint (not fully initialized)

VM Mutex/Monitor currently owned by a thread: None


[error occurred during error reporting (printing compressed oops mode), id 0xb, SIGSEGV (0xb) at pc=0x00007fbd9665660f]

GC Heap History (0 events):
No events

Deoptimization events (0 events):
No events

Classes redefined (0 events):
No events

Internal exceptions (0 events):
No events

Events (2 events):
Event: 0.002 Protecting memory [0x00007fbd953c9000,0x00007fbd953cd000] with protection modes 0
Event: 0.003 Loaded shared library /usr/lib/jvm/java-11-openjdk-amd64/lib/libzip.so


Dynamic libraries:
559ccc1e8000-559ccc1e9000 r--p 00000000 08:02 5505253                    /usr/lib/jvm/java-11-openjdk-amd64/bin/java
559ccc1e9000-559ccc1ea000 r-xp 00001000 08:02 5505253                    /usr/lib/jvm/java-11-openjdk-amd64/bin/java
559ccc1ea000-559ccc1eb000 r--p 00002000 08:02 5505253                    /usr/lib/jvm/java-11-openjdk-amd64/bin/java
559ccc1eb000-559ccc1ec000 r--p 00002000 08:02 5505253                    /usr/lib/jvm/java-11-openjdk-amd64/bin/java
559ccc1ec000-559ccc1ed000 rw-p 00003000 08:02 5505253                    /usr/lib/jvm/java-11-openjdk-amd64/bin/java
559ccd19b000-559ccd1bc000 rw-p 00000000 00:00 0                          [heap]
7fbd787fd000-7fbd78a6d000 rwxp 00000000 00:00 0 
7fbd78a6d000-7fbd78d8d000 ---p 00000000 00:00 0 
7fbd78d8d000-7fbd78ffd000 rwxp 00000000 00:00 0 
7fbd78ffd000-7fbd802c5000 ---p 00000000 00:00 0 
7fbd802c5000-7fbd80535000 rwxp 00000000 00:00 0 
7fbd80535000-7fbd877fd000 ---p 00000000 00:00 0 
7fbd877fd000-7fbd90000000 r--s 00000000 08:02 5404149                    /usr/lib/jvm/java-11-openjdk-amd64/lib/modules
7fbd90000000-7fbd9003f000 rw-p 00000000 00:00 0 
7fbd9003f000-7fbd94000000 ---p 00000000 00:00 0 
7fbd94ebe000-7fbd94ebf000 ---p 00000000 00:00 0 
7fbd94ebf000-7fbd94fc5000 rw-p 00000000 00:00 0 
7fbd94fc5000-7fbd950ab000 ---p 00000000 00:00 0 
7fbd950ab000-7fbd950b0000 rw-p 00000000 00:00 0 
7fbd950b0000-7fbd95196000 ---p 00000000 00:00 0 
7fbd95196000-7fbd95199000 r--p 00000000 08:02 5259696                    /lib/x86_64-linux-gnu/libresolv.so.2
7fbd95199000-7fbd951a3000 r-xp 00003000 08:02 5259696                    /lib/x86_64-linux-gnu/libresolv.so.2
7fbd951a3000-7fbd951a6000 r--p 0000d000 08:02 5259696                    /lib/x86_64-linux-gnu/libresolv.so.2
7fbd951a6000-7fbd951a7000 r--p 0000f000 08:02 5259696                    /lib/x86_64-linux-gnu/libresolv.so.2
7fbd951a7000-7fbd951a8000 rw-p 00010000 08:02 5259696                    /lib/x86_64-linux-gnu/libresolv.so.2
7fbd951a8000-7fbd951aa000 rw-p 00000000 00:00 0 
7fbd951aa000-7fbd951ac000 r--p 00000000 08:02 5243402                    /lib/x86_64-linux-gnu/libkeyutils.so.1.9
7fbd951ac000-7fbd951ae000 r-xp 00002000 08:02 5243402                    /lib/x86_64-linux-gnu/libkeyutils.so.1.9
7fbd951ae000-7fbd951af000 r--p 00004000 08:02 5243402                    /lib/x86_64-linux-gnu/libkeyutils.so.1.9
7fbd951af000-7fbd951b0000 r--p 00004000 08:02 5243402                    /lib/x86_64-linux-gnu/libkeyutils.so.1.9
7fbd951b0000-7fbd951b1000 rw-p 00005000 08:02 5243402                    /lib/x86_64-linux-gnu/libkeyutils.so.1.9
7fbd951b1000-7fbd951b4000 r--p 00000000 08:02 4981906                    /usr/lib/x86_64-linux-gnu/libkrb5support.so.0.1
7fbd951b4000-7fbd951ba000 r-xp 00003000 08:02 4981906                    /usr/lib/x86_64-linux-gnu/libkrb5support.so.0.1
7fbd951ba000-7fbd951bc000 r--p 00009000 08:02 4981906                    /usr/lib/x86_64-linux-gnu/libkrb5support.so.0.1
7fbd951bc000-7fbd951bd000 ---p 0000b000 08:02 4981906                    /usr/lib/x86_64-linux-gnu/libkrb5support.so.0.1
7fbd951bd000-7fbd951be000 r--p 0000b000 08:02 4981906                    /usr/lib/x86_64-linux-gnu/libkrb5support.so.0.1
7fbd951be000-7fbd951bf000 rw-p 0000c000 08:02 4981906                    /usr/lib/x86_64-linux-gnu/libkrb5support.so.0.1
7fbd951bf000-7fbd951c1000 r--p 00000000 08:02 5243364                    /lib/x86_64-linux-gnu/libcom_err.so.2.1
7fbd951c1000-7fbd951c2000 r-xp 00002000 08:02 5243364                    /lib/x86_64-linux-gnu/libcom_err.so.2.1
7fbd951c2000-7fbd951c3000 r--p 00003000 08:02 5243364                    /lib/x86_64-linux-gnu/libcom_err.so.2.1
7fbd951c3000-7fbd951c4000 r--p 00003000 08:02 5243364                    /lib/x86_64-linux-gnu/libcom_err.so.2.1
7fbd951c4000-7fbd951c5000 rw-p 00004000 08:02 5243364                    /lib/x86_64-linux-gnu/libcom_err.so.2.1
7fbd951c5000-7fbd951c9000 r--p 00000000 08:02 4981949                    /usr/lib/x86_64-linux-gnu/libk5crypto.so.3.1
7fbd951c9000-7fbd951e4000 r-xp 00004000 08:02 4981949                    /usr/lib/x86_64-linux-gnu/libk5crypto.so.3.1
7fbd951e4000-7fbd951f0000 r--p 0001f000 08:02 4981949                    /usr/lib/x86_64-linux-gnu/libk5crypto.so.3.1
7fbd951f0000-7fbd951f1000 ---p 0002b000 08:02 4981949                    /usr/lib/x86_64-linux-gnu/libk5crypto.so.3.1
7fbd951f1000-7fbd951f2000 r--p 0002b000 08:02 4981949                    /usr/lib/x86_64-linux-gnu/libk5crypto.so.3.1
7fbd951f2000-7fbd951f3000 rw-p 0002c000 08:02 4981949                    /usr/lib/x86_64-linux-gnu/libk5crypto.so.3.1
7fbd951f3000-7fbd951f4000 rw-p 00000000 00:00 0 
7fbd951f4000-7fbd95215000 r--p 00000000 08:02 4981951                    /usr/lib/x86_64-linux-gnu/libkrb5.so.3.3
7fbd95215000-7fbd95272000 r-xp 00021000 08:02 4981951                    /usr/lib/x86_64-linux-gnu/libkrb5.so.3.3
7fbd95272000-7fbd952af000 r--p 0007e000 08:02 4981951                    /usr/lib/x86_64-linux-gnu/libkrb5.so.3.3
7fbd952af000-7fbd952b0000 ---p 000bb000 08:02 4981951                    /usr/lib/x86_64-linux-gnu/libkrb5.so.3.3
7fbd952b0000-7fbd952bd000 r--p 000bb000 08:02 4981951                    /usr/lib/x86_64-linux-gnu/libkrb5.so.3.3
7fbd952bd000-7fbd952bf000 rw-p 000c8000 08:02 4981951                    /usr/lib/x86_64-linux-gnu/libkrb5.so.3.3
7fbd952bf000-7fbd952ca000 r--p 00000000 08:02 4981567                    /usr/lib/x86_64-linux-gnu/libgssapi_krb5.so.2.2
7fbd952ca000-7fbd95302000 r-xp 0000b000 08:02 4981567                    /usr/lib/x86_64-linux-gnu/libgssapi_krb5.so.2.2
7fbd95302000-7fbd9530e000 r--p 00043000 08:02 4981567                    /usr/lib/x86_64-linux-gnu/libgssapi_krb5.so.2.2
7fbd9530e000-7fbd9530f000 ---p 0004f000 08:02 4981567                    /usr/lib/x86_64-linux-gnu/libgssapi_krb5.so.2.2
7fbd9530f000-7fbd95311000 r--p 0004f000 08:02 4981567                    /usr/lib/x86_64-linux-gnu/libgssapi_krb5.so.2.2
7fbd95311000-7fbd95313000 rw-p 00051000 08:02 4981567                    /usr/lib/x86_64-linux-gnu/libgssapi_krb5.so.2.2
7fbd95313000-7fbd9531a000 r--p 00000000 08:02 5244077                    /lib/x86_64-linux-gnu/libtirpc.so.3.0.0
7fbd9531a000-7fbd95335000 r-xp 00007000 08:02 5244077                    /lib/x86_64-linux-gnu/libtirpc.so.3.0.0
7fbd95335000-7fbd9533e000 r--p 00022000 08:02 5244077                    /lib/x86_64-linux-gnu/libtirpc.so.3.0.0
7fbd9533e000-7fbd9533f000 ---p 0002b000 08:02 5244077                    /lib/x86_64-linux-gnu/libtirpc.so.3.0.0
7fbd9533f000-7fbd95340000 r--p 0002b000 08:02 5244077                    /lib/x86_64-linux-gnu/libtirpc.so.3.0.0
7fbd95340000-7fbd95341000 rw-p 0002c000 08:02 5244077                    /lib/x86_64-linux-gnu/libtirpc.so.3.0.0
7fbd95341000-7fbd95345000 r--p 00000000 08:02 4982967                    /usr/lib/x86_64-linux-gnu/libnsl.so.2.0.1
7fbd95345000-7fbd95353000 r-xp 00004000 08:02 4982967                    /usr/lib/x86_64-linux-gnu/libnsl.so.2.0.1
7fbd95353000-7fbd95357000 r--p 00012000 08:02 4982967                    /usr/lib/x86_64-linux-gnu/libnsl.so.2.0.1
7fbd95357000-7fbd95358000 r--p 00015000 08:02 4982967                    /usr/lib/x86_64-linux-gnu/libnsl.so.2.0.1
7fbd95358000-7fbd95359000 rw-p 00016000 08:02 4982967                    /usr/lib/x86_64-linux-gnu/libnsl.so.2.0.1
7fbd95359000-7fbd9535b000 rw-p 00000000 00:00 0 
7fbd9535b000-7fbd9535d000 r--p 00000000 08:02 5244081                    /lib/x86_64-linux-gnu/libnss_nis.so.2.0.0
7fbd9535d000-7fbd95366000 r-xp 00002000 08:02 5244081                    /lib/x86_64-linux-gnu/libnss_nis.so.2.0.0
7fbd95366000-7fbd95368000 r--p 0000b000 08:02 5244081                    /lib/x86_64-linux-gnu/libnss_nis.so.2.0.0
7fbd95368000-7fbd95369000 r--p 0000c000 08:02 5244081                    /lib/x86_64-linux-gnu/libnss_nis.so.2.0.0
7fbd95369000-7fbd9536a000 rw-p 0000d000 08:02 5244081                    /lib/x86_64-linux-gnu/libnss_nis.so.2.0.0
7fbd9536a000-7fbd9536c000 r--p 00000000 08:02 5259685                    /lib/x86_64-linux-gnu/libnss_compat.so.2
7fbd9536c000-7fbd95373000 r-xp 00002000 08:02 5259685                    /lib/x86_64-linux-gnu/libnss_compat.so.2
7fbd95373000-7fbd95374000 r--p 00009000 08:02 5259685                    /lib/x86_64-linux-gnu/libnss_compat.so.2
7fbd95374000-7fbd95375000 r--p 00009000 08:02 5259685                    /lib/x86_64-linux-gnu/libnss_compat.so.2
7fbd95375000-7fbd95376000 rw-p 0000a000 08:02 5259685                    /lib/x86_64-linux-gnu/libnss_compat.so.2
7fbd95378000-7fbd9537d000 rw-p 00000000 00:00 0 
7fbd9537d000-7fbd95384000 ---p 00000000 00:00 0 
7fbd95384000-7fbd95386000 r--p 00000000 08:02 5404148                    /usr/lib/jvm/java-11-openjdk-amd64/lib/libzip.so
7fbd95386000-7fbd9538b000 r-xp 00002000 08:02 5404148                    /usr/lib/jvm/java-11-openjdk-amd64/lib/libzip.so
7fbd9538b000-7fbd9538d000 r--p 00007000 08:02 5404148                    /usr/lib/jvm/java-11-openjdk-amd64/lib/libzip.so
7fbd9538d000-7fbd9538e000 r--p 00008000 08:02 5404148                    /usr/lib/jvm/java-11-openjdk-amd64/lib/libzip.so
7fbd9538e000-7fbd9538f000 rw-p 00009000 08:02 5404148                    /usr/lib/jvm/java-11-openjdk-amd64/lib/libzip.so
7fbd9538f000-7fbd95397000 rw-s 00000000 08:02 3538959                    /tmp/hsperfdata_dam2a/2337167
7fbd95397000-7fbd953a4000 r--p 00000000 08:02 5404128                    /usr/lib/jvm/java-11-openjdk-amd64/lib/libjava.so
7fbd953a4000-7fbd953ba000 r-xp 0000d000 08:02 5404128                    /usr/lib/jvm/java-11-openjdk-amd64/lib/libjava.so
7fbd953ba000-7fbd953c1000 r--p 00023000 08:02 5404128                    /usr/lib/jvm/java-11-openjdk-amd64/lib/libjava.so
7fbd953c1000-7fbd953c2000 r--p 00029000 08:02 5404128                    /usr/lib/jvm/java-11-openjdk-amd64/lib/libjava.so
7fbd953c2000-7fbd953c3000 rw-p 0002a000 08:02 5404128                    /usr/lib/jvm/java-11-openjdk-amd64/lib/libjava.so
7fbd953c3000-7fbd953c4000 rw-p 00000000 00:00 0 
7fbd953c4000-7fbd953c5000 r--p 00000000 08:02 5259698                    /lib/x86_64-linux-gnu/librt.so.1
7fbd953c5000-7fbd953c6000 r-xp 00001000 08:02 5259698                    /lib/x86_64-linux-gnu/librt.so.1
7fbd953c6000-7fbd953c7000 r--p 00002000 08:02 5259698                    /lib/x86_64-linux-gnu/librt.so.1
7fbd953c7000-7fbd953c8000 r--p 00002000 08:02 5259698                    /lib/x86_64-linux-gnu/librt.so.1
7fbd953c8000-7fbd953c9000 rw-p 00003000 08:02 5259698                    /lib/x86_64-linux-gnu/librt.so.1
7fbd953c9000-7fbd953cd000 ---p 00000000 00:00 0 
7fbd953cd000-7fbd954c9000 rw-p 00000000 00:00 0 
7fbd954c9000-7fbd954cc000 r--p 00000000 08:02 5242960                    /lib/x86_64-linux-gnu/libgcc_s.so.1
7fbd954cc000-7fbd954e3000 r-xp 00003000 08:02 5242960                    /lib/x86_64-linux-gnu/libgcc_s.so.1
7fbd954e3000-7fbd954e7000 r--p 0001a000 08:02 5242960                    /lib/x86_64-linux-gnu/libgcc_s.so.1
7fbd954e7000-7fbd954e8000 r--p 0001d000 08:02 5242960                    /lib/x86_64-linux-gnu/libgcc_s.so.1
7fbd954e8000-7fbd954e9000 rw-p 0001e000 08:02 5242960                    /lib/x86_64-linux-gnu/libgcc_s.so.1
7fbd954e9000-7fbd954f7000 r--p 00000000 08:02 5245697                    /lib/x86_64-linux-gnu/libm.so.6
7fbd954f7000-7fbd95573000 r-xp 0000e000 08:02 5245697                    /lib/x86_64-linux-gnu/libm.so.6
7fbd95573000-7fbd955ce000 r--p 0008a000 08:02 5245697                    /lib/x86_64-linux-gnu/libm.so.6
7fbd955ce000-7fbd955cf000 r--p 000e4000 08:02 5245697                    /lib/x86_64-linux-gnu/libm.so.6
7fbd955cf000-7fbd955d0000 rw-p 000e5000 08:02 5245697                    /lib/x86_64-linux-gnu/libm.so.6
7fbd955d0000-7fbd9566a000 r--p 00000000 08:02 5003425                    /usr/lib/x86_64-linux-gnu/libstdc++.so.6.0.30
7fbd9566a000-7fbd9577a000 r-xp 0009a000 08:02 5003425                    /usr/lib/x86_64-linux-gnu/libstdc++.so.6.0.30
7fbd9577a000-7fbd957e9000 r--p 001aa000 08:02 5003425                    /usr/lib/x86_64-linux-gnu/libstdc++.so.6.0.30
7fbd957e9000-7fbd957f4000 r--p 00218000 08:02 5003425                    /usr/lib/x86_64-linux-gnu/libstdc++.so.6.0.30
7fbd957f4000-7fbd957f7000 rw-p 00223000 08:02 5003425                    /usr/lib/x86_64-linux-gnu/libstdc++.so.6.0.30
7fbd957f7000-7fbd957fa000 rw-p 00000000 00:00 0 
7fbd957fa000-7fbd95a7c000 r--p 00000000 08:02 5404152                    /usr/lib/jvm/java-11-openjdk-amd64/lib/server/libjvm.so
7fbd95a7c000-7fbd9670f000 r-xp 00282000 08:02 5404152                    /usr/lib/jvm/java-11-openjdk-amd64/lib/server/libjvm.so
7fbd9670f000-7fbd96969000 r--p 00f15000 08:02 5404152                    /usr/lib/jvm/java-11-openjdk-amd64/lib/server/libjvm.so
7fbd96969000-7fbd96a2d000 r--p 0116e000 08:02 5404152                    /usr/lib/jvm/java-11-openjdk-amd64/lib/server/libjvm.so
7fbd96a2d000-7fbd96a68000 rw-p 01232000 08:02 5404152                    /usr/lib/jvm/java-11-openjdk-amd64/lib/server/libjvm.so
7fbd96a68000-7fbd96ac1000 rw-p 00000000 00:00 0 
7fbd96ac1000-7fbd96ac3000 r--p 00000000 08:02 5243380                    /lib/x86_64-linux-gnu/libz.so.1.2.11
7fbd96ac3000-7fbd96ad4000 r-xp 00002000 08:02 5243380                    /lib/x86_64-linux-gnu/libz.so.1.2.11
7fbd96ad4000-7fbd96ada000 r--p 00013000 08:02 5243380                    /lib/x86_64-linux-gnu/libz.so.1.2.11
7fbd96ada000-7fbd96adb000 ---p 00019000 08:02 5243380                    /lib/x86_64-linux-gnu/libz.so.1.2.11
7fbd96adb000-7fbd96adc000 r--p 00019000 08:02 5243380                    /lib/x86_64-linux-gnu/libz.so.1.2.11
7fbd96adc000-7fbd96add000 rw-p 0001a000 08:02 5243380                    /lib/x86_64-linux-gnu/libz.so.1.2.11
7fbd96add000-7fbd96b05000 r--p 00000000 08:02 5244585                    /lib/x86_64-linux-gnu/libc.so.6
7fbd96b05000-7fbd96c9a000 r-xp 00028000 08:02 5244585                    /lib/x86_64-linux-gnu/libc.so.6
7fbd96c9a000-7fbd96cf2000 r--p 001bd000 08:02 5244585                    /lib/x86_64-linux-gnu/libc.so.6
7fbd96cf2000-7fbd96cf6000 r--p 00214000 08:02 5244585                    /lib/x86_64-linux-gnu/libc.so.6
7fbd96cf6000-7fbd96cf8000 rw-p 00218000 08:02 5244585                    /lib/x86_64-linux-gnu/libc.so.6
7fbd96cf8000-7fbd96d05000 rw-p 00000000 00:00 0 
7fbd96d08000-7fbd96d0a000 r--s 0000c000 08:02 5641121                    /usr/share/java/java-atk-wrapper.jar
7fbd96d0a000-7fbd96d0b000 ---p 00000000 00:00 0 
7fbd96d0b000-7fbd96d0c000 r--p 00000000 00:00 0 
7fbd96d0c000-7fbd96d0e000 r--p 00000000 08:02 5404131                    /usr/lib/jvm/java-11-openjdk-amd64/lib/libjimage.so
7fbd96d0e000-7fbd96d11000 r-xp 00002000 08:02 5404131                    /usr/lib/jvm/java-11-openjdk-amd64/lib/libjimage.so
7fbd96d11000-7fbd96d12000 r--p 00005000 08:02 5404131                    /usr/lib/jvm/java-11-openjdk-amd64/lib/libjimage.so
7fbd96d12000-7fbd96d13000 ---p 00006000 08:02 5404131                    /usr/lib/jvm/java-11-openjdk-amd64/lib/libjimage.so
7fbd96d13000-7fbd96d14000 r--p 00006000 08:02 5404131                    /usr/lib/jvm/java-11-openjdk-amd64/lib/libjimage.so
7fbd96d14000-7fbd96d15000 rw-p 00007000 08:02 5404131                    /usr/lib/jvm/java-11-openjdk-amd64/lib/libjimage.so
7fbd96d15000-7fbd96d1a000 r--p 00000000 08:02 5404147                    /usr/lib/jvm/java-11-openjdk-amd64/lib/libverify.so
7fbd96d1a000-7fbd96d21000 r-xp 00005000 08:02 5404147                    /usr/lib/jvm/java-11-openjdk-amd64/lib/libverify.so
7fbd96d21000-7fbd96d23000 r--p 0000c000 08:02 5404147                    /usr/lib/jvm/java-11-openjdk-amd64/lib/libverify.so
7fbd96d23000-7fbd96d25000 r--p 0000d000 08:02 5404147                    /usr/lib/jvm/java-11-openjdk-amd64/lib/libverify.so
7fbd96d25000-7fbd96d26000 rw-p 0000f000 08:02 5404147                    /usr/lib/jvm/java-11-openjdk-amd64/lib/libverify.so
7fbd96d26000-7fbd96d29000 r--p 00000000 08:02 5637953                    /usr/lib/jvm/java-11-openjdk-amd64/lib/jli/libjli.so
7fbd96d29000-7fbd96d33000 r-xp 00003000 08:02 5637953                    /usr/lib/jvm/java-11-openjdk-amd64/lib/jli/libjli.so
7fbd96d33000-7fbd96d36000 r--p 0000d000 08:02 5637953                    /usr/lib/jvm/java-11-openjdk-amd64/lib/jli/libjli.so
7fbd96d36000-7fbd96d37000 ---p 00010000 08:02 5637953                    /usr/lib/jvm/java-11-openjdk-amd64/lib/jli/libjli.so
7fbd96d37000-7fbd96d38000 r--p 00010000 08:02 5637953                    /usr/lib/jvm/java-11-openjdk-amd64/lib/jli/libjli.so
7fbd96d38000-7fbd96d39000 rw-p 00011000 08:02 5637953                    /usr/lib/jvm/java-11-openjdk-amd64/lib/jli/libjli.so
7fbd96d39000-7fbd96d3b000 rw-p 00000000 00:00 0 
7fbd96d3b000-7fbd96d3d000 r--p 00000000 08:02 5244080                    /lib/x86_64-linux-gnu/ld-linux-x86-64.so.2
7fbd96d3d000-7fbd96d67000 r-xp 00002000 08:02 5244080                    /lib/x86_64-linux-gnu/ld-linux-x86-64.so.2
7fbd96d67000-7fbd96d72000 r--p 0002c000 08:02 5244080                    /lib/x86_64-linux-gnu/ld-linux-x86-64.so.2
7fbd96d73000-7fbd96d75000 r--p 00037000 08:02 5244080                    /lib/x86_64-linux-gnu/ld-linux-x86-64.so.2
7fbd96d75000-7fbd96d77000 rw-p 00039000 08:02 5244080                    /lib/x86_64-linux-gnu/ld-linux-x86-64.so.2
7fffcf8d0000-7fffcf8f1000 rw-p 00000000 00:00 0                          [stack]
7fffcf92d000-7fffcf931000 r--p 00000000 00:00 0                          [vvar]
7fffcf931000-7fffcf933000 r-xp 00000000 00:00 0                          [vdso]
ffffffffff600000-ffffffffff601000 --xp 00000000 00:00 0                  [vsyscall]


VM Arguments:
jvm_args: -Dfile.encoding=UTF-8 --module-path=/home/dam2a/NetBeansProjects/Exercicio2PSP/build/classes 
java_command: exercicio2psp.Exercicio2PSP
java_class_path (initial): /home/dam2a/NetBeansProjects/Exercicio2PSP/build/classes
Launcher Type: SUN_STANDARD

[Global flags]
     intx CICompilerCount                          = 3                                         {product} {ergonomic}
     uint G1ConcRefinementThreads                  = 4                                         {product} {ergonomic}
   size_t G1HeapRegionSize                         = 1048576                                   {product} {ergonomic}
    uintx GCDrainStackTargetSize                   = 64                                        {product} {ergonomic}
   size_t InitialHeapSize                          = 262144000                                 {product} {ergonomic}
   size_t MaxHeapSize                              = 4167041024                                {product} {ergonomic}
   size_t MinHeapDeltaBytes                        = 1048576                                   {product} {ergonomic}
    uintx NonNMethodCodeHeapSize                   = 5830732                                {pd product} {ergonomic}
    uintx NonProfiledCodeHeapSize                  = 122913754                              {pd product} {ergonomic}
    uintx ProfiledCodeHeapSize                     = 122913754                              {pd product} {ergonomic}
    uintx ReservedCodeCacheSize                    = 251658240                              {pd product} {ergonomic}
     bool SegmentedCodeCache                       = true                                      {product} {ergonomic}
     bool UseCompressedClassPointers               = true                                 {lp64_product} {ergonomic}
     bool UseCompressedOops                        = true                                 {lp64_product} {ergonomic}
     bool UseG1GC                                  = true                                      {product} {ergonomic}

Logging:
Log output configuration:
 #0: stdout all=warning uptime,level,tags
 #1: stderr all=off uptime,level,tags

Environment Variables:
PATH=/usr/local/sbin:/usr/local/bin:/usr/sbin:/usr/bin:/sbin:/bin:/usr/games:/usr/local/games:/snap/bin:/snap/bin:/opt/puppetlabs/bin:/home/dam2a/.local/share/JetBrains/Toolbox/scripts
USERNAME=dam2a
SHELL=/bin/bash
DISPLAY=:0
LANG=es_ES.UTF-8

Signal Handlers:
SIGSEGV: [libjvm.so+0xea2e90], sa_mask[0]=11111111011111111101111111111110, sa_flags=SA_RESTART|SA_SIGINFO
SIGBUS: [libjvm.so+0xea2e90], sa_mask[0]=11111111011111111101111111111110, sa_flags=SA_RESTART|SA_SIGINFO
SIGFPE: [libjvm.so+0xea2e90], sa_mask[0]=11111111011111111101111111111110, sa_flags=SA_RESTART|SA_SIGINFO
SIGPIPE: [libjvm.so+0xbe6fe0], sa_mask[0]=11111111011111111101111111111110, sa_flags=SA_RESTART|SA_SIGINFO
SIGXFSZ: [libjvm.so+0xbe6fe0], sa_mask[0]=11111111011111111101111111111110, sa_flags=SA_RESTART|SA_SIGINFO
SIGILL: [libjvm.so+0xea2e90], sa_mask[0]=11111111011111111101111111111110, sa_flags=SA_RESTART|SA_SIGINFO
SIGUSR2: [libjvm.so+0xbe6e80], sa_mask[0]=00100000000000000000000000000000, sa_flags=SA_RESTART|SA_SIGINFO
SIGHUP: SIG_DFL, sa_mask[0]=00000000000000000000000000000000, sa_flags=none
SIGINT: SIG_IGN, sa_mask[0]=00000000000000000000000000000000, sa_flags=none
SIGTERM: SIG_DFL, sa_mask[0]=00000000000000000000000000000000, sa_flags=none
SIGQUIT: SIG_DFL, sa_mask[0]=00000000000000000000000000000000, sa_flags=none


---------------  S Y S T E M  ---------------

OS:DISTRIB_ID=Ubuntu
DISTRIB_RELEASE=22.04
DISTRIB_CODENAME=jammy
DISTRIB_DESCRIPTION="Ubuntu 22.04.1 LTS"
uname:Linux 5.15.0-53-generic #59-Ubuntu SMP Mon Oct 17 18:53:30 UTC 2022 x86_64
OS uptime: 0 days 1:03 hours
libc:glibc 2.35 NPTL 2.35 
rlimit (soft/hard): STACK 8192k/infinity , CORE 0k/infinity , NPROC 63091/63091 , NOFILE 1048576/1048576 , AS infinity/infinity , CPU infinity/infinity , DATA infinity/infinity , FSIZE infinity/infinity , MEMLOCK 2033720k/2033720k
load average:4.44 4.53 3.49

/proc/meminfo:
MemTotal:       16269780 kB
MemFree:         7430752 kB
MemAvailable:    9947156 kB
Buffers:          248956 kB
Cached:          2671928 kB
SwapCached:            0 kB
Active:          1267904 kB
Inactive:        6473692 kB
Active(anon):       6724 kB
Inactive(anon):  5042056 kB
Active(file):    1261180 kB
Inactive(file):  1431636 kB
Unevictable:      180196 kB
Mlocked:              16 kB
SwapTotal:      15999996 kB
SwapFree:       15999996 kB
Dirty:               424 kB
Writeback:             0 kB
AnonPages:       5000936 kB
Mapped:           666176 kB
Shmem:            228068 kB
KReclaimable:     153132 kB
Slab:             426084 kB
SReclaimable:     153132 kB
SUnreclaim:       272952 kB
KernelStack:      315416 kB
PageTables:        75144 kB
NFS_Unstable:          0 kB
Bounce:                0 kB
WritebackTmp:          0 kB
CommitLimit:    24134884 kB
Committed_AS:   28975852 kB
VmallocTotal:   34359738367 kB
VmallocUsed:      345852 kB
VmallocChunk:          0 kB
Percpu:             5312 kB
HardwareCorrupted:     0 kB
AnonHugePages:         0 kB
ShmemHugePages:        0 kB
ShmemPmdMapped:        0 kB
FileHugePages:         0 kB
FilePmdMapped:         0 kB
HugePages_Total:       0
HugePages_Free:        0
HugePages_Rsvd:        0
HugePages_Surp:        0
Hugepagesize:       2048 kB
Hugetlb:               0 kB
DirectMap4k:      382052 kB
DirectMap2M:     9988096 kB
DirectMap1G:     6291456 kB

/sys/kernel/mm/transparent_hugepage/enabled:
always [madvise] never
/sys/kernel/mm/transparent_hugepage/defrag (defrag/compaction efforts parameter):
always defer defer+madvise [madvise] never

Process Memory:
Virtual Size: 482316K (peak: 482316K)
Resident Set Size: 15780K (peak: 15780K) (anon: 2020K, file: 13760K, shmem: 0K)
Swapped out: 0K
C-Heap outstanding allocations: 348K, retained: 55K
glibc malloc tunables: (default)

/proc/sys/kernel/threads-max (system-wide limit on the number of threads):
126182
/proc/sys/vm/max_map_count (maximum number of memory map areas a process may have):
65530
/proc/sys/kernel/pid_max (system-wide limit on number of process identifiers):
4194304

container (cgroup) information:
container_type: cgroupv2
cpu_cpuset_cpus: not supported
cpu_memory_nodes: not supported
active_processor_count: 4
cpu_quota: not supported
cpu_period: not supported
cpu_shares: not supported
memory_limit_in_bytes: unlimited
memory_and_swap_limit_in_bytes: unlimited
memory_soft_limit_in_bytes: unlimited
memory_usage_in_bytes: 4795384 k
memory_max_usage_in_bytes: not supported
maximum number of tasks: 18927
current number of tasks: 18927

Steal ticks since vm start: 0
Steal ticks percentage since vm start:  0.000

CPU:total 4 (initial active 4) (4 cores per cpu, 1 threads per core) family 6 model 158 stepping 9 microcode 0xf0, cmov, cx8, fxsr, mmx, sse, sse2, sse3, ssse3, sse4.1, sse4.2, popcnt, avx, avx2, aes, clmul, erms, 3dnowpref, lzcnt, tsc, tscinvbit, bmi1, bmi2, adx, fma
CPU Model and flags from /proc/cpuinfo:
model name	: Intel(R) Core(TM) i5-7400 CPU @ 3.00GHz
flags		: fpu vme de pse tsc msr pae mce cx8 apic sep mtrr pge mca cmov pat pse36 clflush dts acpi mmx fxsr sse sse2 ss ht tm pbe syscall nx pdpe1gb rdtscp lm constant_tsc art arch_perfmon pebs bts rep_good nopl xtopology nonstop_tsc cpuid aperfmperf pni pclmulqdq dtes64 monitor ds_cpl vmx est tm2 ssse3 sdbg fma cx16 xtpr pdcm pcid sse4_1 sse4_2 x2apic movbe popcnt tsc_deadline_timer aes xsave avx f16c rdrand lahf_lm abm 3dnowprefetch cpuid_fault invpcid_single pti ssbd ibrs ibpb stibp tpr_shadow vnmi flexpriority ept vpid ept_ad fsgsbase tsc_adjust bmi1 avx2 smep bmi2 erms invpcid mpx rdseed adx smap clflushopt intel_pt xsaveopt xsavec xgetbv1 xsaves dtherm ida arat pln pts hwp hwp_notify hwp_act_window hwp_epp md_clear flush_l1d arch_capabilities
Online cpus:
0-3
Offline cpus:

BIOS frequency limitation:
<Not Available>
Frequency switch latency (ns):
0
Available cpu frequencies:
<Not Available>
Current governor:
powersave
Core performance/turbo boost:
<Not Available>

Memory: 4k page, physical 16269780k(7430752k free), swap 15999996k(15999996k free)

vm_info: OpenJDK 64-Bit Server VM (11.0.17+8-post-Ubuntu-1ubuntu222.04) for linux-amd64 JRE (11.0.17+8-post-Ubuntu-1ubuntu222.04), built on Oct 24 2022 16:41:58 by "unknown" with gcc 11.2.0

END.
